
======================================================================
ETAPA 3 FINAL: Coleta de Documentos - GET+POST JSF + Google Drive
======================================================================

[OK] Google Drive conectado via token.pickle
[init] Acessando portal...
[init] Pesquisando...
    OK Orgao
[init] Total: 1243
[init] Páginas a processar: 125

[page 1] Extraindo processos...
  5 processos

[page-nav] Ir para página 2/125...
[page-nav] Botăo encontrado, tentando clicar...
[page-nav] Clicado!

[page 2] Extraindo processos...
  5 processos

[page-nav] Ir para página 3/125...
[page-nav] Botăo encontrado, tentando clicar...
[page-nav] Clicado!

[page 3] Extraindo processos...
  5 processos

[page-nav] Ir para página 4/125...
[page-nav] Botăo encontrado, tentando clicar...
[page-nav] Clicado!

[page 4] Extraindo processos...
  5 processos

[page-nav] Ir para página 5/125...
[page-nav] Botăo encontrado, tentando clicar...
[page-nav] Clicado!

[page 5] Extraindo processos...
  5 processos

[page-nav] Ir para página 6/125...
[page-nav] Botăo encontrado, tentando clicar...
[page-nav] Clicado!

[page 6] Extraindo processos...
  5 processos

[page-nav] Ir para página 7/125...
[page-nav] Botăo encontrado, tentando clicar...
[page-nav] Clicado!

[page 7] Extraindo processos...
  5 processos

[page-nav] Ir para página 8/125...
[page-nav] Botăo encontrado, tentando clicar...
[page-nav] Clicado!

[page 8] Extraindo processos...
  5 processos

[page-nav] Ir para página 9/125...
[page-nav] Botăo encontrado, tentando clicar...
[page-nav] Clicado!

[page 9] Extraindo processos...
  5 processos

[page-nav] Ir para página 10/125...
[page-nav] Botăo encontrado, tentando clicar...
[page-nav] Clicado!

[page 10] Extraindo processos...
  5 processos

  [1] PE 21/2019 - SMSAN/FAAC
      Docs: 1
      [click] PROCESSO LICITATÓRIO...
      [wait] AJAX+delay...
      [get] download.jsf...
      [got] 200 2998b
      [vs] Extraído (1520 chars)
      [post] Submeter...
      [pdf] 200 application/pdf 8.7MB
      [OK] PDF capturado!
      [gdrive] OK: https://drive.google.com/uc?id=1Z9JjAeD8B7xxmQ3Hx4...
      [dup] Atualizado com Google Drive URL

  [2] PE 22/2019 - SMSAN/FAAC
      Docs: 0
    [sem_docs]

  [3] PE 23/2019 - SMSAN/FAAC
    [!] Falha ao abrir

  [4] PE 24/2019 - SMSAN/FAAC
    [!] Falha ao abrir

  [5] PE 25/2019 - SMSAN/FAAC
    [!] Falha ao abrir

[page-nav] Ir para página 11/125...
[page-nav] Botăo encontrado, tentando clicar...
[page-nav] Click falhou, tentando JavaScript...
[page-nav] JavaScript click OK

[page 11] Extraindo processos...
  5 processos

  [1] PE 26/2019 - SMSAN/FAAC
    [!] Falha ao abrir

  [2] PE 28/2019 - SMSAN/FAAC
    [!] Falha ao abrir

  [3] PE 30/2019 - SMSAN/FAAC
    [!] Falha ao abrir

  [4] PE 31/2019 - SMSAN/FAAC
    [!] Falha ao abrir

  [5] PE 32/2019 - SMSAN/FAAC
    [!] Falha ao abrir

[page-nav] Ir para página 12/125...
[page-nav] Botăo encontrado, tentando clicar...
[page-nav] Click falhou, tentando JavaScript...
[page-nav] JavaScript click OK

[page 12] Extraindo processos...
  5 processos

  [1] PE 33/2019 - SMSAN/FAAC
    [!] Falha ao abrir

  [2] PE 34/2019 - SMSAN/FAAC
    [!] Falha ao abrir

  [3] PE 35/2019 - SMSAN/FAAC
    [!] Falha ao abrir

  [4] PE 36/2019 - SMSAN/FAAC
    [!] Falha ao abrir

  [5] PE 37/2019 - SMSAN/FAAC
    [!] Falha ao abrir

[page-nav] Ir para página 13/125...
[page-nav] Botăo encontrado, tentando clicar...
[page-nav] Click falhou, tentando JavaScript...
[page-nav] JavaScript click OK

[page 13] Extraindo processos...
  5 processos

  [1] PE 38/2019 - SMSAN/FAAC
    [!] Falha ao abrir

  [2] PE 39/2019 - SMSAN/FAAC
    [!] Falha ao abrir

  [3] PE 40/2019 - SMSAN/FAAC
    [!] Falha ao abrir

  [4] PE 41/2019 - SMSAN/FAAC
    [!] Falha ao abrir

  [5] PE 42/2019 - SMSAN/FAAC
    [!] Falha ao abrir

[page-nav] Ir para página 14/125...
[page-nav] Botăo encontrado, tentando clicar...
[page-nav] Click falhou, tentando JavaScript...
[page-nav] JavaScript click OK

[page 14] Extraindo processos...
  5 processos

  [1] PE 43/2019 - SMSAN/FAAC
    [!] Falha ao abrir

  [2] PE 44/2019 - SMSAN/FAAC
    [!] Falha ao abrir

  [3] PE 45/2019 - SMSAN/FAAC
    [!] Falha ao abrir

  [4] PE 46/2019 - SMSAN/FAAC
    [!] Falha ao abrir

  [5] PE 47/2019 - SMSAN/FAAC
    [!] Falha ao abrir

[page-nav] Ir para página 15/125...
[page-nav] Botăo encontrado, tentando clicar...
[page-nav] Click falhou, tentando JavaScript...
[page-nav] JavaScript click OK

[page 15] Extraindo processos...
  5 processos

  [1] PE 48/2019 - SMSAN/FAAC
    [!] Falha ao abrir

  [2] PE 49/2019 - SMSAN/FAAC
    [!] Falha ao abrir

  [3] PE 50/2019 - SMSAN/FAAC
    [!] Falha ao abrir

  [4] PE 51/2019 - SMSAN/FAAC
    [!] Falha ao abrir

  [5] PE 52/2019 - SMSAN/FAAC
    [!] Falha ao abrir

[page-nav] Ir para página 16/125...
[page-nav] Botăo encontrado, tentando clicar...
[page-nav] Click falhou, tentando JavaScript...
[page-nav] JavaScript click OK

[page 16] Extraindo processos...
  5 processos

  [1] PE 53/2019 - SMSAN/FAAC
    [!] Falha ao abrir

  [2] PE 54/2019 - SMSAN/FAAC
    [!] Falha ao abrir

  [3] PE 55/2019 - SMSAN/FAAC
    [!] Falha ao abrir

  [4] PE 56/2019 - SMSAN/FAAC
    [!] Falha ao abrir

  [5] PE 57/2019 - SMSAN/FAAC
    [!] Falha ao abrir

[page-nav] Ir para página 17/125...
[page-nav] Botăo encontrado, tentando clicar...
[page-nav] Click falhou, tentando JavaScript...
[page-nav] JavaScript click OK

[page 17] Extraindo processos...
  5 processos

  [1] PE 58/2019 - SMSAN/FAAC
    [!] Falha ao abrir

  [2] PE 59/2019 - SMSAN/FAAC
    [!] Falha ao abrir

[page-nav] Ir para página 18/125...
[page-nav] Botăo encontrado, tentando clicar...
[page-nav] Click falhou, tentando JavaScript...
[page-nav] JavaScript click OK

[page 18] Extraindo processos...
  5 processos

[page-nav] Ir para página 19/125...
[page-nav] Botăo encontrado, tentando clicar...
[page-nav] Click falhou, tentando JavaScript...
[page-nav] JavaScript click OK

[page 19] Extraindo processos...
  5 processos

[page-nav] Ir para página 20/125...
[page-nav] Botăo encontrado, tentando clicar...
[page-nav] Click falhou, tentando JavaScript...
[page-nav] JavaScript click OK

[page 20] Extraindo processos...
  5 processos

[page-nav] Ir para página 21/125...
[page-nav] Botăo encontrado, tentando clicar...
[page-nav] Click falhou, tentando JavaScript...
[page-nav] JavaScript click OK

[page 21] Extraindo processos...
  5 processos

[page-nav] Ir para página 22/125...
[page-nav] Botăo encontrado, tentando clicar...
[page-nav] Click falhou, tentando JavaScript...
[page-nav] JavaScript click OK

[page 22] Extraindo processos...
  5 processos

[page-nav] Ir para página 23/125...
[page-nav] Botăo encontrado, tentando clicar...
[page-nav] Click falhou, tentando JavaScript...
[page-nav] JavaScript click OK

[page 23] Extraindo processos...
  5 processos

[page-nav] Ir para página 24/125...
[page-nav] Botăo encontrado, tentando clicar...
[page-nav] Click falhou, tentando JavaScript...
[page-nav] JavaScript click OK

[page 24] Extraindo processos...
  5 processos

[page-nav] Ir para página 25/125...
[page-nav] Botăo encontrado, tentando clicar...
[page-nav] Click falhou, tentando JavaScript...
[page-nav] JavaScript click OK

[page 25] Extraindo processos...
  5 processos

[page-nav] Ir para página 26/125...
[page-nav] Botăo encontrado, tentando clicar...
[page-nav] Click falhou, tentando JavaScript...
[page-nav] JavaScript click OK

[page 26] Extraindo processos...
  5 processos

[page-nav] Ir para página 27/125...
[page-nav] Botăo encontrado, tentando clicar...
[page-nav] Click falhou, tentando JavaScript...
[page-nav] JavaScript click OK

[page 27] Extraindo processos...
  5 processos

[page-nav] Ir para página 28/125...
[page-nav] Botăo encontrado, tentando clicar...
[page-nav] Click falhou, tentando JavaScript...
[page-nav] JavaScript click OK

[page 28] Extraindo processos...
  5 processos

[page-nav] Ir para página 29/125...
[page-nav] Botăo encontrado, tentando clicar...
[page-nav] Click falhou, tentando JavaScript...
[page-nav] JavaScript click OK

[page 29] Extraindo processos...
  5 processos

[page-nav] Ir para página 30/125...
[page-nav] Botăo encontrado, tentando clicar...
[page-nav] Click falhou, tentando JavaScript...
[page-nav] JavaScript click OK

[page 30] Extraindo processos...
  5 processos

[page-nav] Ir para página 31/125...
[page-nav] Botăo encontrado, tentando clicar...
[page-nav] Click falhou, tentando JavaScript...
[page-nav] JavaScript click OK

[page 31] Extraindo processos...
  5 processos

[page-nav] Ir para página 32/125...
[page-nav] Botăo encontrado, tentando clicar...
[page-nav] Click falhou, tentando JavaScript...
[page-nav] JavaScript click OK

[page 32] Extraindo processos...
  5 processos

[page-nav] Ir para página 33/125...
[page-nav] Botăo encontrado, tentando clicar...
[page-nav] Click falhou, tentando JavaScript...
[page-nav] JavaScript click OK

[page 33] Extraindo processos...
  5 processos

[page-nav] Ir para página 34/125...
[page-nav] Botăo encontrado, tentando clicar...
[page-nav] Click falhou, tentando JavaScript...
[page-nav] JavaScript click OK

[page 34] Extraindo processos...
  5 processos

[page-nav] Ir para página 35/125...
[page-nav] Botăo encontrado, tentando clicar...
[page-nav] Click falhou, tentando JavaScript...
[page-nav] JavaScript click OK

[page 35] Extraindo processos...
  5 processos

[page-nav] Ir para página 36/125...
[page-nav] Botăo encontrado, tentando clicar...
[page-nav] Click falhou, tentando JavaScript...
[page-nav] JavaScript click OK

[page 36] Extraindo processos...
  5 processos

[page-nav] Ir para página 37/125...
[page-nav] Botăo encontrado, tentando clicar...
[page-nav] Click falhou, tentando JavaScript...
[page-nav] JavaScript click OK

[page 37] Extraindo processos...
  5 processos

[page-nav] Ir para página 38/125...
[page-nav] Botăo encontrado, tentando clicar...
[page-nav] Click falhou, tentando JavaScript...
[page-nav] JavaScript click OK

[page 38] Extraindo processos...
  5 processos

[page-nav] Ir para página 39/125...
[page-nav] Botăo encontrado, tentando clicar...
[page-nav] Click falhou, tentando JavaScript...
[page-nav] JavaScript click OK

[page 39] Extraindo processos...
  5 processos

[page-nav] Ir para página 40/125...
[page-nav] Botăo encontrado, tentando clicar...
[page-nav] Click falhou, tentando JavaScript...
[page-nav] JavaScript click OK

[page 40] Extraindo processos...
  5 processos

[page-nav] Ir para página 41/125...
[page-nav] Botăo encontrado, tentando clicar...
[page-nav] Click falhou, tentando JavaScript...
[page-nav] JavaScript click OK

[page 41] Extraindo processos...
  5 processos

[page-nav] Ir para página 42/125...
[page-nav] Botăo encontrado, tentando clicar...
[page-nav] Click falhou, tentando JavaScript...
[page-nav] JavaScript click OK

[page 42] Extraindo processos...
  5 processos

[page-nav] Ir para página 43/125...
[page-nav] Botăo encontrado, tentando clicar...
[page-nav] Click falhou, tentando JavaScript...
[page-nav] JavaScript click OK

[page 43] Extraindo processos...
  5 processos

[page-nav] Ir para página 44/125...
[page-nav] Botăo encontrado, tentando clicar...
[page-nav] Click falhou, tentando JavaScript...
[page-nav] JavaScript click OK

[page 44] Extraindo processos...
  5 processos

[page-nav] Ir para página 45/125...
[page-nav] Botăo encontrado, tentando clicar...
[page-nav] Click falhou, tentando JavaScript...
[page-nav] JavaScript click OK

[page 45] Extraindo processos...
  5 processos

[page-nav] Ir para página 46/125...
[page-nav] Botăo encontrado, tentando clicar...
[page-nav] Click falhou, tentando JavaScript...
[page-nav] JavaScript click OK

[page 46] Extraindo processos...
  5 processos

[page-nav] Ir para página 47/125...
[page-nav] Botăo encontrado, tentando clicar...
[page-nav] Click falhou, tentando JavaScript...
[page-nav] JavaScript click OK

[page 47] Extraindo processos...
  5 processos

[page-nav] Ir para página 48/125...
[page-nav] Botăo encontrado, tentando clicar...
[page-nav] Click falhou, tentando JavaScript...
[page-nav] JavaScript click OK

[page 48] Extraindo processos...
  5 processos

[page-nav] Ir para página 49/125...
[page-nav] Botăo encontrado, tentando clicar...
[page-nav] Click falhou, tentando JavaScript...
[page-nav] JavaScript click OK

[page 49] Extraindo processos...
  5 processos

[page-nav] Ir para página 50/125...
[page-nav] Botăo encontrado, tentando clicar...
[page-nav] Click falhou, tentando JavaScript...
[page-nav] JavaScript click OK

[page 50] Extraindo processos...
  5 processos

[page-nav] Ir para página 51/125...
[page-nav] Botăo encontrado, tentando clicar...
[page-nav] Click falhou, tentando JavaScript...
[page-nav] JavaScript click OK

[page 51] Extraindo processos...
  5 processos

[page-nav] Ir para página 52/125...
[page-nav] Botăo encontrado, tentando clicar...
[page-nav] Click falhou, tentando JavaScript...
[page-nav] JavaScript click OK

[page 52] Extraindo processos...
  5 processos

  [1] PE 1/2020 - SMSAN/FAAC
    [!] Falha ao abrir

  [2] PE 2/2020 - SMSAN/FAAC
    [!] Falha ao abrir

  [3] PE 3/2020 - SMSAN/FAAC
    [!] Falha ao abrir

  [4] PE 4/2020 - SMSAN/FAAC
    [!] Falha ao abrir

  [5] PE 5/2020 - SMSAN/FAAC
    [!] Falha ao abrir

[page-nav] Ir para página 53/125...
[page-nav] Botăo encontrado, tentando clicar...
[page-nav] Click falhou, tentando JavaScript...
[page-nav] JavaScript click OK

[page 53] Extraindo processos...
  5 processos

  [1] PE 6/2020 - SMSAN/FAAC
    [!] Falha ao abrir

  [2] PE 7/2020 - SMSAN/FAAC
    [!] Falha ao abrir

  [3] PE 8/2020 - SMSAN/FAAC
    [!] Falha ao abrir

  [4] PE 9/2020 - SMSAN/FAAC
    [!] Falha ao abrir

  [5] PE 10/2020 - SMSAN/FAAC
    [!] Falha ao abrir

[page-nav] Ir para página 54/125...
[page-nav] Botăo encontrado, tentando clicar...
[page-nav] Click falhou, tentando JavaScript...
[page-nav] JavaScript click OK

[page 54] Extraindo processos...
  5 processos

  [1] PE 11/2020 - SMSAN/FAAC
    [!] Falha ao abrir

  [2] PE 12/2020 - SMSAN/FAAC
    [!] Falha ao abrir

  [3] PE 13/2020 - SMSAN/FAAC
    [!] Falha ao abrir

  [4] PE 14/2020 - SMSAN/FAAC
    [!] Falha ao abrir

  [5] PE 15/2020 - SMSAN/FAAC
    [!] Falha ao abrir

[page-nav] Ir para página 55/125...
[page-nav] Botăo encontrado, tentando clicar...
[page-nav] Click falhou, tentando JavaScript...
[page-nav] JavaScript click OK

[page 55] Extraindo processos...
  5 processos

  [1] PE 16/2020 - SMSAN/FAAC
    [!] Falha ao abrir

  [2] PE 17/2020 - SMSAN/FAAC
    [!] Falha ao abrir

  [3] PE 18/2020 - SMSAN/FAAC
    [!] Falha ao abrir

  [4] PE 19/2020 - SMSAN/FAAC
    [!] Falha ao abrir

  [5] PE 20/2020 - SMSAN/FAAC
    [!] Falha ao abrir

[page-nav] Ir para página 56/125...
[page-nav] Botăo encontrado, tentando clicar...
[page-nav] Click falhou, tentando JavaScript...
[page-nav] JavaScript click OK

[page 56] Extraindo processos...
  5 processos

  [1] PE 21/2020 - SMSAN/FAAC
    [!] Falha ao abrir

  [2] PE 22/2020 - SMSAN/FAAC
    [!] Falha ao abrir

  [3] PE 23/2020 - SMSAN/FAAC
    [!] Falha ao abrir

  [4] PE 24/2020 - SMSAN/FAAC
    [!] Falha ao abrir

  [5] PE 25/2020 - SMSAN/FAAC
    [!] Falha ao abrir

[page-nav] Ir para página 57/125...
[page-nav] Botăo encontrado, tentando clicar...
[page-nav] Click falhou, tentando JavaScript...
[page-nav] JavaScript click OK

[page 57] Extraindo processos...
  5 processos

  [1] PE 26/2020 - SMSAN/FAAC
    [!] Falha ao abrir

  [2] PE 27/2020 - SMSAN/FAAC
    [!] Falha ao abrir

  [3] PE 28/2020 - SMSAN/FAAC
    [!] Falha ao abrir

  [4] PE 29/2020 - SMSAN/FAAC
    [!] Falha ao abrir

  [5] PE 30/2020 - SMSAN/FAAC
    [!] Falha ao abrir

[page-nav] Ir para página 58/125...
[page-nav] Botăo encontrado, tentando clicar...
[page-nav] Click falhou, tentando JavaScript...
[page-nav] JavaScript click OK

[page 58] Extraindo processos...
  5 processos

  [1] PE 31/2020 - SMSAN/FAAC
    [!] Falha ao abrir

  [2] PE 32/2020 - SMSAN/FAAC
    [!] Falha ao abrir

  [3] PE 33/2020 - SMSAN/FAAC
    [!] Falha ao abrir

  [4] PE 34/2020 - SMSAN/FAAC
    [!] Falha ao abrir

[page-nav] Ir para página 59/125...
[page-nav] Botăo encontrado, tentando clicar...
[page-nav] Click falhou, tentando JavaScript...
[page-nav] JavaScript click OK

[page 59] Extraindo processos...
  5 processos

[page-nav] Ir para página 60/125...
[page-nav] Botăo encontrado, tentando clicar...
[page-nav] Click falhou, tentando JavaScript...
[page-nav] JavaScript click OK

[page 60] Extraindo processos...
  5 processos

[page-nav] Ir para página 61/125...
[page-nav] Botăo encontrado, tentando clicar...
[page-nav] Click falhou, tentando JavaScript...
[page-nav] JavaScript click OK

[page 61] Extraindo processos...
  5 processos

[page-nav] Ir para página 62/125...
[page-nav] Botăo encontrado, tentando clicar...
[page-nav] Click falhou, tentando JavaScript...
[page-nav] JavaScript click OK

[page 62] Extraindo processos...
  5 processos

[page-nav] Ir para página 63/125...
[page-nav] Botăo encontrado, tentando clicar...
[page-nav] Click falhou, tentando JavaScript...
[page-nav] JavaScript click OK

[page 63] Extraindo processos...
  5 processos

[page-nav] Ir para página 64/125...
[page-nav] Botăo encontrado, tentando clicar...
[page-nav] Click falhou, tentando JavaScript...
[page-nav] JavaScript click OK

[page 64] Extraindo processos...
  5 processos

[page-nav] Ir para página 65/125...
[page-nav] Botăo encontrado, tentando clicar...
[page-nav] Click falhou, tentando JavaScript...
[page-nav] JavaScript click OK

[page 65] Extraindo processos...
  5 processos

[page-nav] Ir para página 66/125...
[page-nav] Botăo encontrado, tentando clicar...
[page-nav] Click falhou, tentando JavaScript...
[page-nav] JavaScript click OK

[page 66] Extraindo processos...
  5 processos

[page-nav] Ir para página 67/125...
[page-nav] Botăo encontrado, tentando clicar...
[page-nav] Click falhou, tentando JavaScript...
[page-nav] JavaScript click OK

[page 67] Extraindo processos...
  5 processos

[page-nav] Ir para página 68/125...
[page-nav] Botăo encontrado, tentando clicar...
[page-nav] Click falhou, tentando JavaScript...
[page-nav] JavaScript click OK

[page 68] Extraindo processos...
  5 processos

[page-nav] Ir para página 69/125...
[page-nav] Botăo encontrado, tentando clicar...
[page-nav] Click falhou, tentando JavaScript...
[page-nav] JavaScript click OK

[page 69] Extraindo processos...
  5 processos

[page-nav] Ir para página 70/125...
[page-nav] Botăo encontrado, tentando clicar...
[page-nav] Click falhou, tentando JavaScript...
[page-nav] JavaScript click OK

[page 70] Extraindo processos...
  5 processos

[page-nav] Ir para página 71/125...
[page-nav] Botăo encontrado, tentando clicar...
[page-nav] Click falhou, tentando JavaScript...
[page-nav] JavaScript click OK

[page 71] Extraindo processos...
  5 processos

[page-nav] Ir para página 72/125...
[page-nav] Botăo encontrado, tentando clicar...
[page-nav] Click falhou, tentando JavaScript...
[page-nav] JavaScript click OK

[page 72] Extraindo processos...
  5 processos

[page-nav] Ir para página 73/125...
[page-nav] Botăo encontrado, tentando clicar...
[page-nav] Click falhou, tentando JavaScript...
[page-nav] JavaScript click OK

[page 73] Extraindo processos...
  5 processos

[page-nav] Ir para página 74/125...
[page-nav] Botăo encontrado, tentando clicar...
[page-nav] Click falhou, tentando JavaScript...
[page-nav] JavaScript click OK

[page 74] Extraindo processos...
  5 processos

[page-nav] Ir para página 75/125...
[page-nav] Botăo encontrado, tentando clicar...
[page-nav] Click falhou, tentando JavaScript...
[page-nav] JavaScript click OK

[page 75] Extraindo processos...
  5 processos

[page-nav] Ir para página 76/125...
[page-nav] Botăo encontrado, tentando clicar...
[page-nav] Click falhou, tentando JavaScript...
[page-nav] JavaScript click OK

[page 76] Extraindo processos...
  5 processos

[page-nav] Ir para página 77/125...
[page-nav] Botăo encontrado, tentando clicar...
[page-nav] Click falhou, tentando JavaScript...
[page-nav] JavaScript click OK

[page 77] Extraindo processos...
  5 processos

[page-nav] Ir para página 78/125...
[page-nav] Botăo encontrado, tentando clicar...
[page-nav] Click falhou, tentando JavaScript...
[page-nav] JavaScript click OK

[page 78] Extraindo processos...
  5 processos

  [5] PE 1/2021 - SMSAN/FAAC
    [!] Falha ao abrir

[page-nav] Ir para página 79/125...
[page-nav] Botăo encontrado, tentando clicar...
[page-nav] Click falhou, tentando JavaScript...
[page-nav] JavaScript click OK

[page 79] Extraindo processos...
  5 processos

  [1] PE 2/2021 - SMSAN/FAAC
    [!] Falha ao abrir

  [2] PE 3/2021 - SMSAN/FAAC
    [!] Falha ao abrir

  [3] PE 4/2021 - SMSAN/FAAC
    [!] Falha ao abrir

  [4] PE 5/2021 - SMSAN/FAAC
    [!] Falha ao abrir

  [5] PE 6/2021 - SMSAN/FAAC
    [!] Falha ao abrir

[page-nav] Ir para página 80/125...
[page-nav] Botăo encontrado, tentando clicar...
[page-nav] Click falhou, tentando JavaScript...
[page-nav] JavaScript click OK

[page 80] Extraindo processos...
  5 processos

  [1] PE 7/2021 - SMSAN/FAAC
    [!] Falha ao abrir

  [2] PE 8/2021 - SMSAN/FAAC
    [!] Falha ao abrir

  [3] PE 9/2021 - SMSAN/FAAC
    [!] Falha ao abrir

  [4] PE 10/2021 - SMSAN/FAAC
    [!] Falha ao abrir

  [5] PE 11/2021 - SMSAN/FAAC
    [!] Falha ao abrir

[page-nav] Ir para página 81/125...
[page-nav] Botăo encontrado, tentando clicar...
[page-nav] Click falhou, tentando JavaScript...
[page-nav] JavaScript click OK

[page 81] Extraindo processos...
  5 processos

  [1] PE 12/2021 - SMSAN/FAAC
    [!] Falha ao abrir

  [2] PE 13/2021 - SMSAN/FAAC
    [!] Falha ao abrir

  [3] PE 14/2021 - SMSAN/FAAC
    [!] Falha ao abrir

  [4] PE 15/2021 - SMSAN/FAAC
    [!] Falha ao abrir

  [5] PE 16/2021 - SMSAN/FAAC
    [!] Falha ao abrir

[page-nav] Ir para página 82/125...
[page-nav] Botăo encontrado, tentando clicar...
[page-nav] Click falhou, tentando JavaScript...
[page-nav] JavaScript click OK

[page 82] Extraindo processos...
  5 processos

  [1] PE 17/2021 - SMSAN/FAAC
    [!] Falha ao abrir

  [2] PE 18/2021 - SMSAN/FAAC
    [!] Falha ao abrir

  [3] PE 19/2021 - SMSAN/FAAC
    [!] Falha ao abrir

  [4] PE 20/2021 - SMSAN/FAAC
    [!] Falha ao abrir

  [5] PE 21/2021 - SMSAN/FAAC
    [!] Falha ao abrir

[page-nav] Ir para página 83/125...
[page-nav] Botăo encontrado, tentando clicar...
[page-nav] Click falhou, tentando JavaScript...
[page-nav] JavaScript click OK

[page 83] Extraindo processos...
  5 processos

  [1] PE 22/2021 - SMSAN/FAAC
    [!] Falha ao abrir

  [2] PE 23/2021 - SMSAN/FAAC
    [!] Falha ao abrir

  [3] PE 24/2021 - SMSAN/FAAC
    [!] Falha ao abrir

  [4] PE 25/2021 - SMSAN/FAAC
    [!] Falha ao abrir

  [5] PE 26/2021 - SMSAN/FAAC
    [!] Falha ao abrir

[page-nav] Ir para página 84/125...
[page-nav] Botăo encontrado, tentando clicar...
[page-nav] Click falhou, tentando JavaScript...
[page-nav] JavaScript click OK

[page 84] Extraindo processos...
  5 processos

  [1] PE 27/2021 - SMSAN/FAAC
    [!] Falha ao abrir

  [2] PE 28/2021 - SMSAN/FAAC
    [!] Falha ao abrir

  [3] PE 29/2021 - SMSAN/FAAC
    [!] Falha ao abrir

  [4] PE 30/2021 - SMSAN/FAAC
    [!] Falha ao abrir

  [5] PE 31/2021 - SMSAN/FAAC
    [!] Falha ao abrir

[page-nav] Ir para página 85/125...
[page-nav] Botăo encontrado, tentando clicar...
[page-nav] Click falhou, tentando JavaScript...
[page-nav] JavaScript click OK

[page 85] Extraindo processos...
  5 processos

  [1] PE 32/2021 - SMSAN/FAAC
    [!] Falha ao abrir

  [2] PE 33/2021 - SMSAN/FAAC
    [!] Falha ao abrir

  [3] PE 34/2021 - SMSAN/FAAC
    [!] Falha ao abrir

  [4] PE 35/2021 - SMSAN/FAAC
    [!] Falha ao abrir

  [5] PE 36/2021 - SMSAN/FAAC
    [!] Falha ao abrir

[page-nav] Ir para página 86/125...
[page-nav] Botăo encontrado, tentando clicar...
[page-nav] Click falhou, tentando JavaScript...
[page-nav] JavaScript click OK

[page 86] Extraindo processos...
  5 processos

  [1] PE 37/2021 - SMSAN/FAAC
    [!] Falha ao abrir

  [2] PE 38/2021 - SMSAN/FAAC
    [!] Falha ao abrir

  [3] PE 39/2021 - SMSAN/FAAC
    [!] Falha ao abrir

  [4] PE 40/2021 - SMSAN/FAAC
    [!] Falha ao abrir

  [5] PE 41/2021 - SMSAN/FAAC
    [!] Falha ao abrir

[page-nav] Ir para página 87/125...
[page-nav] Erro ao navegar: Locator.count: Target page, context or browser has been closed
[page-nav] Continuando...

[page 87] Extraindo processos...
Traceback (most recent call last):
  File "C:\Users\hvcam\Meu Drive\Pessoal\Mestrado\Dissertaçăo\agroia-rmc\etapa3_google_drive.py", line 717, in <module>
    print(f"  Erros: {stats['erros']}")
    ^^^^^^
  File "C:\Users\hvcam\Meu Drive\Pessoal\Mestrado\Dissertaçăo\agroia-rmc\etapa3_google_drive.py", line 582, in main
    processos = extrair_processos_pagina(page)
  File "C:\Users\hvcam\Meu Drive\Pessoal\Mestrado\Dissertaçăo\agroia-rmc\etapa3_google_drive.py", line 244, in extrair_processos_pagina
    soup = BeautifulSoup(page.content(), "lxml")
                         ~~~~~~~~~~~~^^
  File "C:\Users\hvcam\AppData\Local\Programs\Python\Python313\Lib\site-packages\playwright\sync_api\_generated.py", line 8950, in content
    return mapping.from_maybe_impl(self._sync(self._impl_obj.content()))
                                   ~~~~~~~~~~^^^^^^^^^^^^^^^^^^^^^^^^^^
  File "C:\Users\hvcam\AppData\Local\Programs\Python\Python313\Lib\site-packages\playwright\_impl\_sync_base.py", line 115, in _sync
    return task.result()
           ~~~~~~~~~~~^^
  File "C:\Users\hvcam\AppData\Local\Programs\Python\Python313\Lib\site-packages\playwright\_impl\_page.py", line 535, in content
    return await self._main_frame.content()
           ^^^^^^^^^^^^^^^^^^^^^^^^^^^^^^^^
  File "C:\Users\hvcam\AppData\Local\Programs\Python\Python313\Lib\site-packages\playwright\_impl\_frame.py", line 475, in content
    return await self._channel.send("content", None)
           ^^^^^^^^^^^^^^^^^^^^^^^^^^^^^^^^^^^^^^^^^
  File "C:\Users\hvcam\AppData\Local\Programs\Python\Python313\Lib\site-packages\playwright\_impl\_connection.py", line 69, in send
    return await self._connection.wrap_api_call(
           ^^^^^^^^^^^^^^^^^^^^^^^^^^^^^^^^^^^^^
    ...<3 lines>...
    )
    ^
  File "C:\Users\hvcam\AppData\Local\Programs\Python\Python313\Lib\site-packages\playwright\_impl\_connection.py", line 559, in wrap_api_call
    raise rewrite_error(error, f"{parsed_st['apiName']}: {error}") from None
playwright._impl._errors.TargetClosedError: Page.content: Target page, context or browser has been closed
