
======================================================================
ETAPA 3 FINAL: Coleta de Documentos - GET+POST JSF
======================================================================

[init] Acessando portal...
[init] Pesquisando...
    OK Orgao
[init] Total: 319
[init] P·ginas a processar: 32

[page 1] Extraindo processos...
  5 processos

  [1] PE 156/2023 - SMSAN/FAAC
      Docs: 1
      [click] PROCESSO LICITAT”RIO...
      [wait] AJAX+delay...
      [get] download.jsf...
      [got] 200 2998b
      [vs] ExtraÌdo (1520 chars)
      [post] Submeter...
      [pdf] 200 application/pdf 77.1MB
      [OK] PDF capturado!
      [upload-err] {'statusCode': 413, 'error': Payload too large, 'message': The object exceeded the maximum allowed size}

  [2] PE 157/2023 - SMSAN/FAAC
      Docs: 3
      [click] Aviso de licitaÁ„o...
      [wait] AJAX+delay...
      [get] download.jsf...
      [got] 200 2998b
      [vs] ExtraÌdo (1520 chars)
      [post] Submeter...
      [pdf] 200 application/pdf 0.1MB
      [OK] PDF capturado!
      [upload] OK: 923/Aviso_de_licitacao.pdf
      [dup] Arquivo j· registrado no banco
      [click] PROCESSO LICITAT”RIO...
      [wait] AJAX+delay...
      [get] download.jsf...
      [got] 200 2994b
      [vs] ExtraÌdo (1516 chars)
      [post] Submeter...
      [pdf] 200 application/pdf 71.6MB
      [OK] PDF capturado!
      [upload-err] {'statusCode': 413, 'error': Payload too large, 'message': The object exceeded the maximum allowed size}
      [click] CONTRATO 135 - CISS...
      [wait] AJAX+delay...
      [get] download.jsf...
      [got] 200 2998b
      [vs] ExtraÌdo (1520 chars)
      [post] Submeter...
      [pdf] 200 application/pdf 4.3MB
      [OK] PDF capturado!
      [upload] OK: 923/CONTRATO_135_-_CISS.pdf
      [dup] Arquivo j· registrado no banco

[page-nav] Ir para p·gina 2/32...
[page-nav] Bot„o encontrado, clicando...

[page 2] Extraindo processos...
  5 processos

[page-nav] Ir para p·gina 3/32...
[page-nav] Bot„o encontrado, clicando...

[page 3] Extraindo processos...
  5 processos

[page-nav] Ir para p·gina 4/32...
[page-nav] Bot„o encontrado, clicando...

[page 4] Extraindo processos...
  5 processos

[page-nav] Ir para p·gina 5/32...
[page-nav] Bot„o encontrado, clicando...

[page 5] Extraindo processos...
  5 processos

[page-nav] Ir para p·gina 6/32...
[page-nav] Bot„o encontrado, clicando...

[page 6] Extraindo processos...
  5 processos

[page-nav] Ir para p·gina 7/32...
[page-nav] Bot„o encontrado, clicando...

[page 7] Extraindo processos...
  5 processos

[page-nav] Ir para p·gina 8/32...
[page-nav] Bot„o encontrado, clicando...

[page 8] Extraindo processos...
  5 processos

[page-nav] Ir para p·gina 9/32...
[page-nav] Bot„o encontrado, clicando...

[page 9] Extraindo processos...
  5 processos

[page-nav] Ir para p·gina 10/32...
[page-nav] Bot„o encontrado, clicando...

[page 10] Extraindo processos...
  5 processos

[page-nav] Ir para p·gina 11/32...
[page-nav] Bot„o encontrado, clicando...

[page 11] Extraindo processos...
  5 processos

[page-nav] Ir para p·gina 12/32...
[page-nav] Bot„o encontrado, clicando...

[page 12] Extraindo processos...
  5 processos

[page-nav] Ir para p·gina 13/32...
[page-nav] Bot„o encontrado, clicando...

[page 13] Extraindo processos...
  5 processos

[page-nav] Ir para p·gina 14/32...
[page-nav] Bot„o encontrado, clicando...

[page 14] Extraindo processos...
  5 processos

[page-nav] Ir para p·gina 15/32...
[page-nav] Bot„o encontrado, clicando...

[page 15] Extraindo processos...
  5 processos

  [4] PE 1/2024 - SMSAN/FAAC
      Docs: 1
      [click] PROCESSO LICITAT”RIO...
      [wait] AJAX+delay...
      [get] download.jsf...
      [got] 200 2998b
      [vs] ExtraÌdo (1520 chars)
      [post] Submeter...
      [pdf] 200 application/pdf 17.5MB
      [OK] PDF capturado!
      [upload] OK: 995/PROCESSO_LICITATORIO.pdf

  [5] PE 2/2024 - SMSAN/FAAC
      Docs: 1
      [click] Processo licitatÛrio...
      [wait] AJAX+delay...
      [get] download.jsf...
      [got] 200 2998b
      [vs] ExtraÌdo (1520 chars)
      [post] Submeter...
      [pdf] 200 application/pdf 86.2MB
      [OK] PDF capturado!
      [upload-err] {'statusCode': 413, 'error': Payload too large, 'message': The object exceeded the maximum allowed size}

[page-nav] Ir para p·gina 16/32...
[page-nav] Bot„o encontrado, clicando...

[page 16] Extraindo processos...
  5 processos

  [1] PE 3/2024 - SMSAN/FAAC
      Docs: 1
      [click] PROCESSO LICITAT”RIO...
      [wait] AJAX+delay...
      [get] download.jsf...
      [got] 200 2998b
      [vs] ExtraÌdo (1520 chars)
      [post] Submeter...
      [pdf] 200 application/pdf 19.8MB
      [OK] PDF capturado!
      [upload] OK: 997/PROCESSO_LICITATORIO.pdf

  [2] PE 4/2024 - SMSAN/FAAC
      Docs: 1
      [click] processo licit·torio...
      [wait] AJAX+delay...
      [get] download.jsf...
      [got] 200 2998b
      [vs] ExtraÌdo (1520 chars)
      [post] Submeter...
      [pdf] 200 application/pdf 160.6MB
      [OK] PDF capturado!
      [upload-err] {'statusCode': 413, 'error': Payload too large, 'message': The object exceeded the maximum allowed size}

  [3] PE 5/2024 - SMSAN/FAAC
      Docs: 0
    [sem_docs]

  [4] PE 6/2024 - SMSAN/FAAC
    [!] Falha ao abrir

  [5] PE 7/2024 - SMSAN/FAAC
    [!] Falha ao abrir

[page-nav] Ir para p·gina 17/32...
[page-nav] Bot„o encontrado, clicando...
[page-nav] Erro ao navegar: Locator.click: Timeout 30000ms exceeded.
Call log:
  - waiting for locator("td.rich-datascr-button:not(.rich-datascr-button-dsbld)[onclick*=\"'page': 'next'\"]").first
    - locator resolved to <td class=" rich-datascr-button" onclick="Event.fire(this, 'rich:datascroller:onscroll', {'page': 'next'});">Ö</td>
  - attempting click action
    2 ◊ waiting for element to be visible, enabled and stable
      - element is not visible
    - retrying click action
    - waiting 20ms
    2 ◊ waiting for element to be visible, enabled and stable
      - element is not visible
    - retrying click action
      - waiting 100ms
    58 ◊ waiting for element to be visible, enabled and stable
       - element is not visible
     - retrying click action
       - waiting 500ms


======================================================================
RESUMO:
  Docs baixados: 4
  Erros: 6
  Pages processadas: 16
======================================================================
