
======================================================================
ETAPA 3 FINAL: Coleta de Documentos - GET+POST JSF + Google Drive
======================================================================

[OK] Google Drive conectado via token.pickle
[init] Acessando portal...
[init] Pesquisando...
    OK Orgao
[init] Total: 1243
[init] Páginas a processar: 125

[page 1] Extraindo processos...
  5 processos

[page-nav] Ir para página 2/125...
[page-nav] Botão encontrado, clicando...

[page 2] Extraindo processos...
  5 processos

[page-nav] Ir para página 3/125...
[page-nav] Botão encontrado, clicando...

[page 3] Extraindo processos...
  5 processos

[page-nav] Ir para página 4/125...
[page-nav] Botão encontrado, clicando...

[page 4] Extraindo processos...
  5 processos

[page-nav] Ir para página 5/125...
[page-nav] Botão encontrado, clicando...

[page 5] Extraindo processos...
  5 processos

[page-nav] Ir para página 6/125...
[page-nav] Botão encontrado, clicando...

[page 6] Extraindo processos...
  5 processos

[page-nav] Ir para página 7/125...
[page-nav] Botão encontrado, clicando...

[page 7] Extraindo processos...
  5 processos

[page-nav] Ir para página 8/125...
[page-nav] Botão encontrado, clicando...

[page 8] Extraindo processos...
  5 processos

[page-nav] Ir para página 9/125...
[page-nav] Botão encontrado, clicando...

[page 9] Extraindo processos...
  5 processos

[page-nav] Ir para página 10/125...
[page-nav] Botão encontrado, clicando...

[page 10] Extraindo processos...
  5 processos

  [1] PE 21/2019 - SMSAN/FAAC
      Docs: 1
      [click] PROCESSO LICITATÓRIO...
      [wait] AJAX+delay...
      [get] download.jsf...
      [got] 200 2998b
      [vs] Extraído (1520 chars)
      [post] Submeter...
      [pdf] 200 application/pdf 8.7MB
      [OK] PDF capturado!
      [gdrive] OK: https://drive.google.com/uc?id=1YTIN8biJPCUusIYFAK...
      [db] Registrado

  [2] PE 22/2019 - SMSAN/FAAC
      Docs: 0
    [sem_docs]

  [3] PE 23/2019 - SMSAN/FAAC
    [!] Falha ao abrir

  [4] PE 24/2019 - SMSAN/FAAC
    [!] Falha ao abrir

  [5] PE 25/2019 - SMSAN/FAAC
    [!] Falha ao abrir

[page-nav] Ir para página 11/125...
[page-nav] Botão encontrado, clicando...
[page-nav] Erro ao navegar: Locator.click: Timeout 60000ms exceeded.
Call log:
  - waiting for locator("td.rich-datascr-button:not(.rich-datascr-button-dsbld)[onclick*=\"'page': 'next'\"]").first
    - locator resolved to <td class=" rich-datascr-button" onclick="Event.fire(this, 'rich:datascroller:onscroll', {'page': 'next'});"></td>
  - attempting click action
    2 Ṫ waiting for element to be visible, enabled and stable
      - element is not visible
    - retrying click action
    - waiting 20ms
    2 Ṫ waiting for element to be visible, enabled and stable
      - element is not visible
    - retrying click action
      - waiting 100ms
    115 Ṫ waiting for element to be visible, enabled and stable
        - element is not visible
      - retrying click action
        - waiting 500ms


======================================================================
RESUMO:
  Docs baixados: 1
  Erros: 3
  Pages processadas: 10
======================================================================
