
======================================================================
ETAPA 3 - ACESSO DIRETO: Coleta de PDFs dos 326 processos
======================================================================

[init] Carregando processos de vw_itens_agro...
[init] 326 licitações únicas para processar
[OK] Google Drive conectado

[1/326] DS 70/2019 - SMSAN/FAAC (ID: 34)
  [!] Modal não abriu

[2/326] DS 73/2019 - SMSAN/FAAC (ID: 55)
  [!] Modal não abriu

[3/326] DS 75/2019 - SMSAN/FAAC (ID: 56)
  [!] Modal não abriu

[4/326] DS 79/2019 - SMSAN/FAAC (ID: 59)
  [!] Modal não abriu

[5/326] DS 81/2019 - SMSAN/FAAC (ID: 60)
  [!] Modal não abriu

[6/326] DS 83/2019 - SMSAN/FAAC (ID: 61)
  [!] Modal não abriu

[7/326] DS 86/2019 - SMSAN/FAAC (ID: 63)
  [!] Modal não abriu

[8/326] DS 87/2019 - SMSAN/FAAC (ID: 64)
  [!] Modal não abriu

[9/326] DS 88/2019 - SMSAN/FAAC (ID: 65)
  [!] Modal não abriu

[10/326] DS 90/2019 - SMSAN/FAAC (ID: 67)
  [!] Modal não abriu

[11/326] DS 93/2019 - SMSAN/FAAC (ID: 70)
  [!] Modal não abriu

[12/326] DS 94/2019 - SMSAN/FAAC (ID: 71)
  [!] Modal não abriu

[13/326] DS 95/2019 - SMSAN/FAAC (ID: 72)
  [!] Modal não abriu

[14/326] DS 100/2019 - SMSAN/FAAC (ID: 127)
  [!] Modal não abriu

[15/326] DS 101/2019 - SMSAN/FAAC (ID: 128)
  [!] Modal não abriu

[16/326] DS 99/2019 - SMSAN/FAAC (ID: 126)
  [!] Modal não abriu

[17/326] DS 107/2019 - SMSAN/FAAC (ID: 134)
  [!] Modal não abriu

[18/326] DS 109/2019 - SMSAN/FAAC (ID: 136)
  [!] Modal não abriu

[19/326] DS 111/2019 - SMSAN/FAAC (ID: 138)
  [!] Modal não abriu

[20/326] DS 2/2020 - SMSAN/FAAC (ID: 264)
  [!] Modal não abriu

[21/326] DS 3/2020 - SMSAN/FAAC (ID: 265)
  [!] Modal não abriu

[22/326] DS 10/2020 - SMSAN/FAAC (ID: 273)
  [!] Modal não abriu

[23/326] DS 11/2020 - SMSAN/FAAC (ID: 274)
  [!] Modal não abriu

[24/326] DS 12/2020 - SMSAN/FAAC (ID: 275)
  [!] Modal não abriu

[25/326] DS 14/2020 - SMSAN/FAAC (ID: 276)
  [!] Modal não abriu

[26/326] DS 15/2020 - SMSAN/FAAC (ID: 277)
  [!] Modal não abriu

[27/326] DS 18/2020 - SMSAN/FAAC (ID: 280)
  [!] Modal não abriu

[28/326] DS 19/2020 - SMSAN/FAAC (ID: 281)
  [!] Modal não abriu

[29/326] DS 22/2020 - SMSAN/FAAC (ID: 283)
  [!] Modal não abriu

[30/326] DS 29/2020 - SMSAN/FAAC (ID: 290)
  [!] Modal não abriu

[31/326] DS 32/2020 - SMSAN/FAAC (ID: 293)
  [!] Modal não abriu

[32/326] DS 33/2020 - SMSAN/FAAC (ID: 294)
  [!] Modal não abriu

[33/326] DS 31/2020 - SMSAN/FAAC (ID: 292)
  [!] Modal não abriu

[34/326] DS 37/2020 - SMSAN/FAAC (ID: 298)
  [!] Modal não abriu

[35/326] DS 38/2020 - SMSAN/FAAC (ID: 299)
  [!] Modal não abriu

[36/326] DS 39/2020 - SMSAN/FAAC (ID: 300)
  [!] Modal não abriu

[37/326] DS 40/2020 - SMSAN/FAAC (ID: 301)
  [!] Modal não abriu

[38/326] DS 43/2020 - SMSAN/FAAC (ID: 304)
  [!] Modal não abriu

[39/326] DS 46/2020 - SMSAN/FAAC (ID: 307)
  [!] Modal não abriu

[40/326] DS 50/2020 - SMSAN/FAAC (ID: 311)
  [!] Modal não abriu

[41/326] PE 7/2020 - SMSAN/FAAC (ID: 402)
  [!] Modal não abriu

[42/326] DS 63/2020 - SMSAN/FAAC (ID: 324)
  [!] Modal não abriu

[43/326] DS 65/2020 - SMSAN/FAAC (ID: 326)
  [!] Modal não abriu

[44/326] DS 69/2020 - SMSAN/FAAC (ID: 330)
  [!] Modal não abriu

[45/326] DS 71/2020 - SMSAN/FAAC (ID: 332)
  [!] Modal não abriu

[46/326] DS 73/2020 - SMSAN/FAAC (ID: 334)
  [!] Modal não abriu

[47/326] DS 74/2020 - SMSAN/FAAC (ID: 335)
  [!] Modal não abriu

[48/326] PE 13/2020 - SMSAN/FAAC (ID: 408)
  [!] Modal não abriu

[49/326] DS 77/2020 - SMSAN/FAAC (ID: 338)
  [!] Modal não abriu

[50/326] DS 79/2020 - SMSAN/FAAC (ID: 340)
  [!] Modal não abriu

[51/326] DS 80/2020 - SMSAN/FAAC (ID: 341)
  [!] Modal não abriu

[52/326] DS 81/2020 - SMSAN/FAAC (ID: 342)
  [!] Modal não abriu

[53/326] DS 82/2020 - SMSAN/FAAC (ID: 343)
  [!] Modal não abriu

[54/326] DS 84/2020 - SMSAN/FAAC (ID: 345)
  [!] Modal não abriu

[55/326] DS 89/2020 - SMSAN/FAAC (ID: 350)
  [!] Modal não abriu

[56/326] DS 94/2020 - SMSAN/FAAC (ID: 355)
  [!] Modal não abriu

[57/326] DS 95/2020 - SMSAN/FAAC (ID: 356)
  [!] Modal não abriu

[58/326] DS 96/2020 - SMSAN/FAAC (ID: 357)
  [!] Modal não abriu

[59/326] DS 99/2020 - SMSAN/FAAC (ID: 360)
  [!] Modal não abriu

[60/326] DS 101/2020 - SMSAN/FAAC (ID: 362)
  [!] Modal não abriu

[61/326] DS 103/2020 - SMSAN/FAAC (ID: 364)
  [!] Modal não abriu

[62/326] DE 8/2020 - SMSAN/FAAC (ID: 262)
  [!] Modal não abriu

[63/326] DS 112/2020 - SMSAN/FAAC (ID: 373)
  [!] Modal não abriu

[64/326] DS 106/2020 - SMSAN/FAAC (ID: 367)
  [!] Modal não abriu

[65/326] PE 22/2020 - SMSAN/FAAC (ID: 417)
  [!] Modal não abriu

[66/326] DS 107/2020 - SMSAN/FAAC (ID: 368)
  [!] Modal não abriu

[67/326] DS 109/2020 - SMSAN/FAAC (ID: 370)
  [!] Modal não abriu

[68/326] PE 27/2020 - SMSAN/FAAC (ID: 422)
  [!] Modal não abriu

[69/326] DS 2/2021 - SMSAN/FAAC (ID: 441)
  [!] Modal não abriu

[70/326] DS 3/2021 - SMSAN/FAAC (ID: 442)
  [!] Modal não abriu

[71/326] DS 4/2021 - SMSAN/FAAC (ID: 443)
  [!] Modal não abriu

[72/326] DS 6/2021 - SMSAN/FAAC (ID: 445)
  [!] Modal não abriu

[73/326] DS 7/2021 - SMSAN/FAAC (ID: 446)
  [!] Modal não abriu

[74/326] DS 9/2021 - SMSAN/FAAC (ID: 448)
  [!] Modal não abriu

[75/326] DS 10/2021 - SMSAN/FAAC (ID: 449)
  [!] Modal não abriu

[76/326] DS 12/2021 - SMSAN/FAAC (ID: 451)
  [!] Modal não abriu

[77/326] DS 14/2021 - SMSAN/FAAC (ID: 453)
  [!] Modal não abriu

[78/326] DS 15/2021 - SMSAN/FAAC (ID: 454)
  [!] Modal não abriu

[79/326] DS 16/2021 - SMSAN/FAAC (ID: 455)
  [!] Modal não abriu

[80/326] DS 18/2021 - SMSAN/FAAC (ID: 457)
  [!] Modal não abriu

[81/326] DS 19/2021 - SMSAN/FAAC (ID: 458)
  [!] Modal não abriu

[82/326] DS 20/2021 - SMSAN/FAAC (ID: 459)
  [!] Modal não abriu

[83/326] DS 22/2021 - SMSAN/FAAC (ID: 461)
  [!] Modal não abriu

[84/326] PE 6/2021 - SMSAN/FAAC (ID: 535)
  [!] Modal não abriu

[85/326] IN 1/2021 - SMSAN/FAAC (ID: 529)
  [!] Modal não abriu

[86/326] DS 28/2021 - SMSAN/FAAC (ID: 467)
  [!] Modal não abriu

[87/326] DS 29/2021 - SMSAN/FAAC (ID: 468)
  [!] Modal não abriu

[88/326] DS 30/2021 - SMSAN/FAAC (ID: 469)
  [!] Modal não abriu

[89/326] DS 31/2021 - SMSAN/FAAC (ID: 470)
  [!] Modal não abriu

[90/326] DS 35/2021 - SMSAN/FAAC (ID: 474)
  [!] Modal não abriu

[91/326] PE 11/2021 - SMSAN/FAAC (ID: 540)
  [!] Modal não abriu

[92/326] DS 36/2021 - SMSAN/FAAC (ID: 475)
  [!] Modal não abriu

[93/326] DS 37/2021 - SMSAN/FAAC (ID: 476)
  [!] Modal não abriu

[94/326] DS 38/2021 - SMSAN/FAAC (ID: 477)
  [!] Modal não abriu

[95/326] DS 39/2021 - SMSAN/FAAC (ID: 478)
  [!] Modal não abriu

[96/326] DS 40/2021 - SMSAN/FAAC (ID: 479)
  [!] Modal não abriu

[97/326] DS 43/2021 - SMSAN/FAAC (ID: 482)
  [!] Modal não abriu

[98/326] DS 47/2021 - SMSAN/FAAC (ID: 486)
  [!] Modal não abriu

[99/326] DS 48/2021 - SMSAN/FAAC (ID: 487)
  [!] Modal não abriu

[100/326] DS 50/2021 - SMSAN/FAAC (ID: 489)
  [!] Modal não abriu

[101/326] DS 52/2021 - SMSAN/FAAC (ID: 491)
  [!] Modal não abriu

[102/326] DS 53/2021 - SMSAN/FAAC (ID: 492)
  [!] Modal não abriu

[103/326] DS 54/2021 - SMSAN/FAAC (ID: 493)
  [!] Modal não abriu

[104/326] DS 55/2021 - SMSAN/FAAC (ID: 494)
  [!] Modal não abriu

[105/326] DS 56/2021 - SMSAN/FAAC (ID: 495)
  [!] Modal não abriu

[106/326] DS 61/2021 - SMSAN/FAAC (ID: 500)
  [!] Modal não abriu

[107/326] PE 16/2021 - SMSAN/FAAC (ID: 545)
  [!] Modal não abriu

[108/326] DS 64/2021 - SMSAN/FAAC (ID: 503)
  [!] Modal não abriu

[109/326] DS 62/2021 - SMSAN/FAAC (ID: 501)
  [!] Modal não abriu

[110/326] DS 63/2021 - SMSAN/FAAC (ID: 502)
  [!] Modal não abriu

[111/326] DS 65/2021 - SMSAN/FAAC (ID: 504)
  [!] Modal não abriu

[112/326] PE 20/2021 - SMSAN/FAAC (ID: 549)
  [!] Modal não abriu

[113/326] DS 68/2021 - SMSAN/FAAC (ID: 507)
  [!] Modal não abriu

[114/326] DS 69/2021 - SMSAN/FAAC (ID: 508)
  [!] Modal não abriu

[115/326] DS 70/2021 - SMSAN/FAAC (ID: 509)
  [!] Modal não abriu

[116/326] DS 73/2021 - SMSAN/FAAC (ID: 512)
  [!] Modal não abriu

[117/326] DS 78/2021 - SMSAN/FAAC (ID: 517)
  [!] Modal não abriu

[118/326] DS 79/2021 - SMSAN/FAAC (ID: 518)
  [!] Modal não abriu

[119/326] DS 80/2021 - SMSAN/FAAC (ID: 519)
  [!] Modal não abriu

[120/326] DS 81/2021 - SMSAN/FAAC (ID: 520)
  [!] Modal não abriu

[121/326] DS 82/2021 - SMSAN/FAAC (ID: 521)
  [!] Modal não abriu

[122/326] DS 83/2021 - SMSAN/FAAC (ID: 522)
  [!] Modal não abriu

[123/326] DS 85/2021 - SMSAN/FAAC (ID: 524)
  [!] Modal não abriu

[124/326] DT 1/2022 - SMSAN/FAAC (ID: 593)
  [!] Modal não abriu

[125/326] DT 2/2022 - SMSAN/FAAC (ID: 594)
  [!] Modal não abriu

[126/326] PE 10/2022 - SMSAN/FAAC (ID: 615)
  [!] Modal não abriu

[127/326] PE 12/2022 - SMSAN/FAAC (ID: 617)
  [!] Modal não abriu

[128/326] PE 15/2022 - SMSAN/FAAC (ID: 620)
  [!] Modal não abriu

[129/326] PE 16/2022 - SMSAN/FAAC (ID: 621)
  [!] Modal não abriu

[130/326] PE 18/2022 - SMSAN/FAAC (ID: 623)
  [!] Modal não abriu

[131/326] PE 19/2022 - SMSAN/FAAC (ID: 624)
  [!] Modal não abriu

[132/326] PE 21/2022 - SMSAN/FAAC (ID: 626)
  [!] Modal não abriu

[133/326] PE 24/2022 - SMSAN/FAAC (ID: 629)
  [!] Modal não abriu

[134/326] PE 29/2022 - SMSAN/FAAC (ID: 634)
  [!] Modal não abriu

[135/326] PE 30/2022 - SMSAN/FAAC (ID: 635)
  [!] Modal não abriu

[136/326] PE 32/2022 - SMSAN/FAAC (ID: 636)
  [!] Modal não abriu

[137/326] PE 34/2022 - SMSAN/FAAC (ID: 638)
  [!] Modal não abriu

[138/326] PE 36/2022 - SMSAN/FAAC (ID: 640)
  [!] Modal não abriu

[139/326] PE 40/2022 - SMSAN/FAAC (ID: 644)
  [!] Modal não abriu

[140/326] PE 41/2022 - SMSAN/FAAC (ID: 645)
  [!] Modal não abriu

[141/326] PE 44/2022 - SMSAN/FAAC (ID: 648)
  [!] Modal não abriu

[142/326] PE 49/2022 - SMSAN/FAAC (ID: 653)
  [!] Modal não abriu

[143/326] PE 50/2022 - SMSAN/FAAC (ID: 654)
  [!] Modal não abriu

[144/326] PE 53/2022 - SMSAN/FAAC (ID: 657)
  [!] Modal não abriu

[145/326] PE 55/2022 - SMSAN/FAAC (ID: 659)
  [!] Modal não abriu

[146/326] PE 57/2022 - SMSAN/FAAC (ID: 661)
  [!] Modal não abriu

[147/326] PE 64/2022 - SMSAN/FAAC (ID: 668)
  [!] Modal não abriu

[148/326] PE 70/2022 - SMSAN/FAAC (ID: 674)
  [!] Modal não abriu

[149/326] PE 65/2022 - SMSAN/FAAC (ID: 669)
  [!] Modal não abriu

[150/326] PE 67/2022 - SMSAN/FAAC (ID: 671)
  [!] Modal não abriu

[151/326] PE 74/2022 - SMSAN/FAAC (ID: 678)
  [!] Modal não abriu

[152/326] PE 79/2022 - SMSAN/FAAC (ID: 683)
  [!] Modal não abriu

[153/326] PE 82/2022 - SMSAN/FAAC (ID: 686)
  [!] Modal não abriu

[154/326] PE 92/2022 - SMSAN/FAAC (ID: 696)
  [!] Modal não abriu

[155/326] PE 91/2022 - SMSAN/FAAC (ID: 695)
  [!] Modal não abriu

[156/326] PE 97/2022 - SMSAN/FAAC (ID: 701)
  [!] Modal não abriu

[157/326] PE 87/2022 - SMSAN/FAAC (ID: 691)
  [!] Modal não abriu

[158/326] PE 104/2022 - SMSAN/FAAC (ID: 708)
  [!] Modal não abriu

[159/326] PE 106/2022 - SMSAN/FAAC (ID: 710)
  [!] Modal não abriu

[160/326] PE 110/2022 - SMSAN/FAAC (ID: 714)
  [!] Modal não abriu

[161/326] PE 111/2022 - SMSAN/FAAC (ID: 715)
  [!] Modal não abriu

[162/326] PE 122/2022 - SMSAN/FAAC (ID: 726)
  [!] Modal não abriu

[163/326] PE 118/2022 - SMSAN/FAAC (ID: 722)
  [!] Modal não abriu

[164/326] PE 123/2022 - SMSAN/FAAC (ID: 727)
  [!] Modal não abriu

[165/326] PE 124/2022 - SMSAN/FAAC (ID: 728)
  [!] Modal não abriu

[166/326] PE 125/2022 - SMSAN/FAAC (ID: 729)
  [!] Modal não abriu

[167/326] PE 129/2022 - SMSAN/FAAC (ID: 733)
  [!] Modal não abriu

[168/326] PE 127/2022 - SMSAN/FAAC (ID: 731)
  [!] Modal não abriu

[169/326] PE 128/2022 - SMSAN/FAAC (ID: 732)
  [!] Modal não abriu

[170/326] PE 131/2022 - SMSAN/FAAC (ID: 735)
  [!] Modal não abriu

[171/326] PE 5/2023 - SMSAN/FAAC (ID: 773)
  [!] Modal não abriu

[172/326] PE 3/2023 - SMSAN/FAAC (ID: 771)
  [!] Modal não abriu

[173/326] PE 7/2023 - SMSAN/FAAC (ID: 775)
  [!] Modal não abriu

[174/326] PE 8/2023 - SMSAN/FAAC (ID: 776)
  [!] Modal não abriu

[175/326] PE 19/2023 - SMSAN/FAAC (ID: 787)
  [!] Modal não abriu

[176/326] PE 21/2023 - SMSAN/FAAC (ID: 789)
  [!] Modal não abriu

[177/326] PE 24/2023 - SMSAN/FAAC (ID: 792)
  [!] Modal não abriu

[178/326] PE 23/2023 - SMSAN/FAAC (ID: 791)
  [!] Modal não abriu

[179/326] PE 25/2023 - SMSAN/FAAC (ID: 793)
  [!] Modal não abriu

[180/326] PE 28/2023 - SMSAN/FAAC (ID: 796)
  [!] Modal não abriu

[181/326] PE 31/2023 - SMSAN/FAAC (ID: 799)
  [!] Modal não abriu

[182/326] PE 32/2023 - SMSAN/FAAC (ID: 800)
  [!] Modal não abriu

[183/326] PE 37/2023 - SMSAN/FAAC (ID: 805)
  [!] Modal não abriu

[184/326] PE 34/2023 - SMSAN/FAAC (ID: 802)
  [!] Modal não abriu

[185/326] PE 36/2023 - SMSAN/FAAC (ID: 804)
  [!] Modal não abriu

[186/326] PE 40/2023 - SMSAN/FAAC (ID: 808)
  [!] Modal não abriu

[187/326] PE 42/2023 - SMSAN/FAAC (ID: 810)
  [!] Modal não abriu

[188/326] PE 43/2023 - SMSAN/FAAC (ID: 811)
  [!] Modal não abriu

[189/326] PE 45/2023 - SMSAN/FAAC (ID: 813)
  [!] Modal não abriu

[190/326] PE 54/2023 - SMSAN/FAAC (ID: 822)
  [!] Modal não abriu

[191/326] PE 56/2023 - SMSAN/FAAC (ID: 824)
  [!] Modal não abriu

[192/326] PE 49/2023 - SMSAN/FAAC (ID: 817)
  [!] Modal não abriu

[193/326] PE 57/2023 - SMSAN/FAAC (ID: 825)
  [!] Modal não abriu

[194/326] PE 60/2023 - SMSAN/FAAC (ID: 828)
  [!] Modal não abriu

[195/326] PE 64/2023 - SMSAN/FAAC (ID: 832)
  [!] Modal não abriu

[196/326] PE 67/2023 - SMSAN/FAAC (ID: 835)
  [!] Modal não abriu

[197/326] PE 65/2023 - SMSAN/FAAC (ID: 833)
  [!] Modal não abriu

[198/326] PE 72/2023 - SMSAN/FAAC (ID: 840)
  [!] Modal não abriu

[199/326] PE 80/2023 - SMSAN/FAAC (ID: 848)
  [!] Modal não abriu

[200/326] PE 84/2023 - SMSAN/FAAC (ID: 852)
  [!] Modal não abriu

[201/326] PE 86/2023 - SMSAN/FAAC (ID: 854)
  [!] Modal não abriu

[202/326] PE 89/2023 - SMSAN/FAAC (ID: 857)
  [!] Modal não abriu

[203/326] PE 97/2023 - SMSAN/FAAC (ID: 865)
  [!] Modal não abriu

[204/326] PE 103/2023 - SMSAN/FAAC (ID: 871)
  [!] Modal não abriu

[205/326] PE 107/2023 - SMSAN/FAAC (ID: 875)
  [!] Modal não abriu

[206/326] PE 108/2023 - SMSAN/FAAC (ID: 876)
  [!] Modal não abriu

[207/326] PE 110/2023 - SMSAN/FAAC (ID: 878)
  [!] Modal não abriu

[208/326] CR 1/2023 - SMSAN/FAAC (ID: 747)
  [!] Modal não abriu

[209/326] PE 96/2023 - SMSAN/FAAC (ID: 864)
  [!] Modal não abriu

[210/326] PE 112/2023 - SMSAN/FAAC (ID: 880)
  [!] Modal não abriu

[211/326] PE 118/2023 - SMSAN/FAAC (ID: 886)
  [!] Modal não abriu

[212/326] PE 120/2023 - SMSAN/FAAC (ID: 888)
  [!] Modal não abriu

[213/326] PE 126/2023 - SMSAN/FAAC (ID: 894)
  [!] Modal não abriu

[214/326] PE 134/2023 - SMSAN/FAAC (ID: 902)
  [!] Modal não abriu

[215/326] PE 135/2023 - SMSAN/FAAC (ID: 903)
  [!] Modal não abriu

[216/326] PE 136/2023 - SMSAN/FAAC (ID: 904)
  [!] Modal não abriu

[217/326] PE 139/2023 - SMSAN/FAAC (ID: 907)
  [!] Modal não abriu

[218/326] PE 141/2023 - SMSAN/FAAC (ID: 909)
  [!] Modal não abriu

[219/326] PE 144/2023 - SMSAN/FAAC (ID: 912)
  [!] Modal não abriu

[220/326] IN 3/2023 - SMSAN/FAAC (ID: 760)
  [!] Modal não abriu

[221/326] IN 5/2023 - SMSAN/FAAC (ID: 762)
  [!] Modal não abriu

[222/326] IN 10/2023 - SMSAN/FAAC (ID: 767)
  [!] Modal não abriu

[223/326] IN 11/2023 - SMSAN/FAAC (ID: 768)
  [!] Modal não abriu

[224/326] IN 3/2024 - SMSAN/FAAC (ID: 963)
  [!] Modal não abriu

[225/326] IN 7/2024 - SMSAN/FAAC (ID: 967)
  [!] Modal não abriu

[226/326] PE 5/2024 - SMSAN/FAAC (ID: 999)
  [!] Modal não abriu

[227/326] PE 10/2024 - SMSAN/FAAC (ID: 1004)
  [!] Modal não abriu

[228/326] PE 12/2024 - SMSAN/FAAC (ID: 1006)
  [!] Modal não abriu

[229/326] IN 11/2024 - SMSAN/FAAC (ID: 971)
  [!] Modal não abriu

[230/326] PE 14/2024 - SMSAN/FAAC (ID: 1008)
  [!] Modal não abriu

[231/326] PE 15/2024 - SMSAN/FAAC (ID: 1009)
  [!] Modal não abriu

[232/326] PE 22/2024 - SMSAN/FAAC (ID: 1016)
  [!] Modal não abriu

[233/326] PE 27/2024 - SMSAN/FAAC (ID: 1021)
  [!] Modal não abriu

[234/326] PE 31/2024 - SMSAN/FAAC (ID: 1025)
  [!] Modal não abriu

[235/326] PE 36/2024 - SMSAN/FAAC (ID: 1030)
  [!] Modal não abriu

[236/326] PE 37/2024 - SMSAN/FAAC (ID: 1031)
  [!] Modal não abriu

[237/326] PE 45/2024 - SMSAN/FAAC (ID: 1039)
  [!] Modal não abriu

[238/326] IN 18/2024 - SMSAN/FAAC (ID: 978)
  [!] Modal não abriu

[239/326] IN 21/2024 - SMSAN/FAAC (ID: 981)
  [!] Modal não abriu

[240/326] PE 50/2024 - SMSAN/FAAC (ID: 1044)
  [!] Modal não abriu

[241/326] PE 52/2024 - SMSAN/FAAC (ID: 1046)
  [!] Modal não abriu

[242/326] PE 53/2024 - SMSAN/FAAC (ID: 1047)
  [!] Modal não abriu

[243/326] PE 54/2024 - SMSAN/FAAC (ID: 1048)
  [!] Modal não abriu

[244/326] PE 61/2024 - SMSAN/FAAC (ID: 1055)
  [!] Modal não abriu

[245/326] PE 63/2024 - SMSAN/FAAC (ID: 1057)
  [!] Modal não abriu

[246/326] PE 66/2024 - SMSAN/FAAC (ID: 1060)
  [!] Modal não abriu

[247/326] PE 70/2024 - SMSAN/FAAC (ID: 1064)
  [!] Modal não abriu

[248/326] PE 74/2024 - SMSAN/FAAC (ID: 1068)
  [!] Modal não abriu

[249/326] PE 75/2024 - SMSAN/FAAC (ID: 1069)
  [!] Modal não abriu

[250/326] PE 79/2024 - SMSAN/FAAC (ID: 1073)
  [!] Modal não abriu

[251/326] PE 80/2024 - SMSAN/FAAC (ID: 1074)
  [!] Modal não abriu

[252/326] PE 82/2024 - SMSAN/FAAC (ID: 1076)
  [!] Modal não abriu

[253/326] PE 84/2024 - SMSAN/FAAC (ID: 1078)
  [!] Modal não abriu

[254/326] PE 92/2024 - SMSAN/FAAC (ID: 1086)
  [!] Modal não abriu

[255/326] IN 24/2024 - SMSAN/FAAC (ID: 984)
  [!] Modal não abriu

[256/326] PE 102/2024 - SMSAN/FAAC (ID: 1096)
  [!] Modal não abriu

[257/326] AD 19/2024 - SMSAN/FAAC (ID: 942)
  [!] Modal não abriu

[258/326] AD 20/2024 - SMSAN/FAAC (ID: 943)
  [!] Modal não abriu

[259/326] IN 32/2024 - SMSAN/FAAC (ID: 992)
  [!] Modal não abriu

[260/326] PE 110/2024 - SMSAN/FAAC (ID: 1104)
  [!] Modal não abriu

[261/326] PE 111/2024 - SMSAN/FAAC (ID: 1105)
  [!] Modal não abriu

[262/326] PE 113/2024 - SMSAN/FAAC (ID: 1107)
  [!] Modal não abriu

[263/326] PE 115/2024 - SMSAN/FAAC (ID: 1109)
  [!] Modal não abriu

[264/326] PE 119/2024 - SMSAN/FAAC (ID: 1113)
  [!] Modal não abriu

[265/326] PE 120/2024 - SMSAN/FAAC (ID: 1114)
  [!] Modal não abriu

[266/326] PE 122/2024 - SMSAN/FAAC (ID: 1116)
  [!] Modal não abriu

[267/326] PE 123/2024 - SMSAN/FAAC (ID: 1117)
  [!] Modal não abriu

[268/326] PE 127/2024 - SMSAN/FAAC (ID: 1121)
  [!] Modal não abriu

[269/326] PE 130/2024 - SMSAN/FAAC (ID: 1124)
  [!] Modal não abriu

[270/326] PE 132/2024 - SMSAN/FAAC (ID: 1126)
  [!] Modal não abriu

[271/326] IN 33/2024 - SMSAN/FAAC (ID: 993)
  [!] Modal não abriu

[272/326] PE 137/2024 - SMSAN/FAAC (ID: 1131)
  [!] Modal não abriu

[273/326] PE 141/2024 - SMSAN/FAAC (ID: 1135)
  [!] Modal não abriu

[274/326] PE 139/2024 - SMSAN/FAAC (ID: 1133)
  [!] Modal não abriu

[275/326] AD 5/2025 - SMSAN/FAAC (ID: 1146)
  [!] Modal não abriu

[276/326] CR 1/2025 - SMSAN/FAAC (ID: 1163)
  [!] Modal não abriu

[277/326] PE 11/2025 - SMSAN/FAAC (ID: 1231)
  [!] Modal não abriu

[278/326] CR 2/2025 - SMSAN/FAAC (ID: 1164)
  [!] Modal não abriu

[279/326] PE 19/2025 - SMSAN/FAAC (ID: 1239)
  [!] Modal não abriu

[280/326] PE 20/2025 - SMSAN/FAAC (ID: 1240)
  [!] Modal não abriu

[281/326] PE 21/2025 - SMSAN/FAAC (ID: 1241)
  [!] Modal não abriu

[282/326] PE 25/2025 - SMSAN/FAAC (ID: 1245)
  [!] Modal não abriu

[283/326] IN 1/2025 - SMSAN/FAAC (ID: 1180)
  [!] Modal não abriu

[284/326] IN 3/2025 - SMSAN/FAAC (ID: 1182)
  [!] Modal não abriu

[285/326] IN 4/2025 - SMSAN/FAAC (ID: 1183)
  [!] Modal não abriu

[286/326] IN 5/2025 - SMSAN/FAAC (ID: 1184)
  [!] Modal não abriu

[287/326] IN 10/2025 - SMSAN/FAAC (ID: 1189)
  [!] Modal não abriu

[288/326] IN 12/2025 - SMSAN/FAAC (ID: 1191)
  [!] Modal não abriu

[289/326] IN 13/2025 - SMSAN/FAAC (ID: 1192)
  [!] Modal não abriu

[290/326] IN 14/2025 - SMSAN/FAAC (ID: 1193)
  [!] Modal não abriu

[291/326] IN 15/2025 - SMSAN/FAAC (ID: 1194)
  [!] Modal não abriu

[292/326] IN 16/2025 - SMSAN/FAAC (ID: 1195)
  [!] Modal não abriu

[293/326] IN 19/2025 - SMSAN/FAAC (ID: 1198)
  [!] Modal não abriu

[294/326] PE 35/2025 - SMSAN/FAAC (ID: 1255)
  [!] Modal não abriu

[295/326] PE 36/2025 - SMSAN/FAAC (ID: 1256)
  [!] Modal não abriu

[296/326] IN 22/2025 - SMSAN/FAAC (ID: 1201)
  [!] Modal não abriu

[297/326] IN 23/2025 - SMSAN/FAAC (ID: 1202)
  [!] Modal não abriu

[298/326] PE 38/2025 - SMSAN/FAAC (ID: 1258)
  [!] Modal não abriu

[299/326] PE 41/2025 - SMSAN/FAAC (ID: 1261)
  [!] Modal não abriu

[300/326] PE 43/2025 - SMSAN/FAAC (ID: 1263)
  [!] Modal não abriu

[301/326] PE 48/2025 - SMSAN/FAAC (ID: 1268)
  [!] Modal não abriu

[302/326] PE 50/2025 - SMSAN/FAAC (ID: 1270)
  [!] Modal não abriu

[303/326] IN 25/2025 - SMSAN/FAAC (ID: 1204)
  [!] Modal não abriu

[304/326] PE 55/2025 - SMSAN/FAAC (ID: 1275)
  [!] Modal não abriu

[305/326] PE 61/2025 - SMSAN/FAAC (ID: 1281)
  [!] Modal não abriu

[306/326] PE 65/2025 - SMSAN/FAAC (ID: 1285)
  [!] Modal não abriu

[307/326] PE 72/2025 - SMSAN/FAAC (ID: 1292)
  [!] Modal não abriu

[308/326] PE 74/2025 - SMSAN/FAAC (ID: 1294)
  [!] Modal não abriu

[309/326] PE 83/2025 - SMSAN/FAAC (ID: 1303)
  [!] Modal não abriu

[310/326] PE 84/2025 - SMSAN/FAAC (ID: 1304)
  [!] Modal não abriu

[311/326] PE 87/2025 - SMSAN/FAAC (ID: 1307)
  [!] Modal não abriu

[312/326] PE 98/2025 - SMSAN/FAAC (ID: 1318)
  [!] Modal não abriu

[313/326] PE 100/2025 - SMSAN/FAAC (ID: 1320)
  [!] Modal não abriu

[314/326] PE 101/2025 - SMSAN/FAAC (ID: 1321)
  [!] Modal não abriu

[315/326] PE 102/2025 - SMSAN/FAAC (ID: 1322)
  [!] Modal não abriu

[316/326] IN 1/2026 - SMSAN/FAAC (ID: 1335)
  [!] Modal não abriu

[317/326] IN 11/2026 - SMSAN/FAAC (ID: 1345)
  [!] Modal não abriu

[318/326] IN 15/2026 - SMSAN/FAAC (ID: 1349)
  [!] Modal não abriu

[319/326] IN 16/2026 - SMSAN/FAAC (ID: 1350)
  [!] Modal não abriu

[320/326] IN 17/2026 - SMSAN/FAAC (ID: 1351)
  [!] Modal não abriu

[321/326] PE 2/2026 - SMSAN/FAAC (ID: 1353)
  [!] Modal não abriu

[322/326] PE 4/2026 - SMSAN/FAAC (ID: 1355)
  [!] Modal não abriu

[323/326] PE 7/2026 - SMSAN/FAAC (ID: 1358)
  [!] Modal não abriu

[324/326] PE 8/2026 - SMSAN/FAAC (ID: 1359)
  [!] Modal não abriu

[325/326] PE 17/2026 - SMSAN/FAAC (ID: 1368)
  [!] Modal não abriu

[326/326] PE 23/2026 - SMSAN/FAAC (ID: 1374)
  [!] Modal não abriu

======================================================================
RESUMO:
  Licitações processadas: 0
  Docs baixados: 0
  Sem documentos: 0
  Erros: 326
======================================================================
