[OK] Google Drive conectado

[retry] Tentando novamente 253 processos que falharam...

[1/253] PE 21/2019 - SMSAN/FAAC
  [!] Falha ao abrir

[2/253] PE 22/2019 - SMSAN/FAAC
  [!] Falha ao abrir

[3/253] PE 23/2019 - SMSAN/FAAC
  [!] Falha ao abrir

[4/253] PE 24/2019 - SMSAN/FAAC
  [!] Falha ao abrir

[5/253] PE 25/2019 - SMSAN/FAAC
  [!] Falha ao abrir

[6/253] PE 26/2019 - SMSAN/FAAC
  [!] Falha ao abrir

[7/253] PE 28/2019 - SMSAN/FAAC
  [!] Falha ao abrir

[8/253] PE 30/2019 - SMSAN/FAAC
  [!] Falha ao abrir

[9/253] PE 31/2019 - SMSAN/FAAC
  [!] Falha ao abrir

[10/253] PE 32/2019 - SMSAN/FAAC
  [!] Falha ao abrir

[11/253] PE 33/2019 - SMSAN/FAAC
  [!] Falha ao abrir

[12/253] PE 34/2019 - SMSAN/FAAC
  [!] Falha ao abrir

[13/253] PE 35/2019 - SMSAN/FAAC
  [!] Falha ao abrir

[14/253] PE 36/2019 - SMSAN/FAAC
  [!] Falha ao abrir

[15/253] PE 37/2019 - SMSAN/FAAC
  [!] Falha ao abrir

[16/253] PE 38/2019 - SMSAN/FAAC
  [!] Falha ao abrir

[17/253] PE 39/2019 - SMSAN/FAAC
  [!] Falha ao abrir

[18/253] PE 40/2019 - SMSAN/FAAC
  [!] Falha ao abrir

[19/253] PE 41/2019 - SMSAN/FAAC
  [!] Falha ao abrir

[20/253] PE 42/2019 - SMSAN/FAAC
  [!] Falha ao abrir

[21/253] PE 43/2019 - SMSAN/FAAC
  [!] Falha ao abrir

[22/253] PE 44/2019 - SMSAN/FAAC
  [!] Falha ao abrir

[23/253] PE 45/2019 - SMSAN/FAAC
  [!] Falha ao abrir

[24/253] PE 46/2019 - SMSAN/FAAC
  [!] Falha ao abrir

[25/253] PE 47/2019 - SMSAN/FAAC
  [!] Falha ao abrir

[26/253] PE 48/2019 - SMSAN/FAAC
  [!] Falha ao abrir

[27/253] PE 49/2019 - SMSAN/FAAC
  [!] Falha ao abrir

[28/253] PE 50/2019 - SMSAN/FAAC
  [!] Falha ao abrir

[29/253] PE 51/2019 - SMSAN/FAAC
  [!] Falha ao abrir

[30/253] PE 52/2019 - SMSAN/FAAC
  [!] Falha ao abrir

[31/253] PE 53/2019 - SMSAN/FAAC
  [!] Falha ao abrir

[32/253] PE 54/2019 - SMSAN/FAAC
  [!] Falha ao abrir

[33/253] PE 55/2019 - SMSAN/FAAC
  [!] Falha ao abrir

[34/253] PE 56/2019 - SMSAN/FAAC
  [!] Falha ao abrir

[35/253] PE 57/2019 - SMSAN/FAAC
  [!] Falha ao abrir

[36/253] PE 58/2019 - SMSAN/FAAC
  [!] Falha ao abrir

[37/253] PE 59/2019 - SMSAN/FAAC
  [!] Falha ao abrir

[38/253] PE 1/2020 - SMSAN/FAAC
  [!] Falha ao abrir

[39/253] PE 2/2020 - SMSAN/FAAC
  [!] Falha ao abrir

[40/253] PE 3/2020 - SMSAN/FAAC
  [!] Falha ao abrir

[41/253] PE 4/2020 - SMSAN/FAAC
  [!] Falha ao abrir

[42/253] PE 5/2020 - SMSAN/FAAC
  [!] Falha ao abrir

[43/253] PE 6/2020 - SMSAN/FAAC
  [!] Falha ao abrir

[44/253] PE 7/2020 - SMSAN/FAAC
  [!] Falha ao abrir

[45/253] PE 8/2020 - SMSAN/FAAC
  [!] Falha ao abrir

[46/253] PE 9/2020 - SMSAN/FAAC
  [!] Falha ao abrir

[47/253] PE 10/2020 - SMSAN/FAAC
  [!] Falha ao abrir

[48/253] PE 11/2020 - SMSAN/FAAC
  [!] Falha ao abrir

[49/253] PE 12/2020 - SMSAN/FAAC
  [!] Falha ao abrir

[50/253] PE 13/2020 - SMSAN/FAAC
  [!] Falha ao abrir

[51/253] PE 14/2020 - SMSAN/FAAC
  [!] Falha ao abrir

[52/253] PE 15/2020 - SMSAN/FAAC
  [!] Falha ao abrir

[53/253] PE 16/2020 - SMSAN/FAAC
  [!] Falha ao abrir

[54/253] PE 17/2020 - SMSAN/FAAC
  [!] Falha ao abrir

[55/253] PE 18/2020 - SMSAN/FAAC
  [!] Falha ao abrir

[56/253] PE 19/2020 - SMSAN/FAAC
  [!] Falha ao abrir

[57/253] PE 20/2020 - SMSAN/FAAC
  [!] Falha ao abrir

[58/253] PE 21/2020 - SMSAN/FAAC
  [!] Falha ao abrir

[59/253] PE 22/2020 - SMSAN/FAAC
  [!] Falha ao abrir

[60/253] PE 23/2020 - SMSAN/FAAC
  [!] Falha ao abrir

[61/253] PE 24/2020 - SMSAN/FAAC
  [!] Falha ao abrir

[62/253] PE 25/2020 - SMSAN/FAAC
  [!] Falha ao abrir

[63/253] PE 26/2020 - SMSAN/FAAC
  [!] Falha ao abrir

[64/253] PE 27/2020 - SMSAN/FAAC
  [!] Falha ao abrir

[65/253] PE 28/2020 - SMSAN/FAAC
  [!] Falha ao abrir

[66/253] PE 29/2020 - SMSAN/FAAC
  [!] Falha ao abrir

[67/253] PE 30/2020 - SMSAN/FAAC
  [!] Falha ao abrir

[68/253] PE 31/2020 - SMSAN/FAAC
  [!] Falha ao abrir

[69/253] PE 32/2020 - SMSAN/FAAC
  [!] Falha ao abrir

[70/253] PE 33/2020 - SMSAN/FAAC
  [!] Falha ao abrir

[71/253] PE 34/2020 - SMSAN/FAAC
  [!] Falha ao abrir

[72/253] PE 1/2021 - SMSAN/FAAC
  [!] Falha ao abrir

[73/253] PE 2/2021 - SMSAN/FAAC
  [!] Falha ao abrir

[74/253] PE 3/2021 - SMSAN/FAAC
  [!] Falha ao abrir

[75/253] PE 4/2021 - SMSAN/FAAC
  [!] Falha ao abrir

[76/253] PE 5/2021 - SMSAN/FAAC
  [!] Falha ao abrir

[77/253] PE 6/2021 - SMSAN/FAAC
  [!] Falha ao abrir

[78/253] PE 7/2021 - SMSAN/FAAC
  [!] Falha ao abrir

[79/253] PE 8/2021 - SMSAN/FAAC
  [!] Falha ao abrir

[80/253] PE 9/2021 - SMSAN/FAAC
  [!] Falha ao abrir

[81/253] PE 10/2021 - SMSAN/FAAC
  [!] Falha ao abrir

[82/253] PE 11/2021 - SMSAN/FAAC
  [!] Falha ao abrir

[83/253] PE 12/2021 - SMSAN/FAAC
  [!] Falha ao abrir

[84/253] PE 13/2021 - SMSAN/FAAC
  [!] Falha ao abrir

[85/253] PE 14/2021 - SMSAN/FAAC
  [!] Falha ao abrir

[86/253] PE 15/2021 - SMSAN/FAAC
  [!] Falha ao abrir

[87/253] PE 16/2021 - SMSAN/FAAC
  [!] Falha ao abrir

[88/253] PE 17/2021 - SMSAN/FAAC
  [!] Falha ao abrir

[89/253] PE 18/2021 - SMSAN/FAAC
  [!] Falha ao abrir

[90/253] PE 19/2021 - SMSAN/FAAC
  [!] Falha ao abrir

[91/253] PE 20/2021 - SMSAN/FAAC
  [!] Falha ao abrir

[92/253] PE 21/2021 - SMSAN/FAAC
  [!] Falha ao abrir

[93/253] PE 22/2021 - SMSAN/FAAC
  [!] Falha ao abrir

[94/253] PE 23/2021 - SMSAN/FAAC
  [!] Falha ao abrir

[95/253] PE 24/2021 - SMSAN/FAAC
  [!] Falha ao abrir

[96/253] PE 25/2021 - SMSAN/FAAC
  [!] Falha ao abrir

[97/253] PE 26/2021 - SMSAN/FAAC
  [!] Falha ao abrir

[98/253] PE 27/2021 - SMSAN/FAAC
  [!] Falha ao abrir

[99/253] PE 28/2021 - SMSAN/FAAC
  [!] Falha ao abrir

[100/253] PE 29/2021 - SMSAN/FAAC
  [!] Falha ao abrir

[101/253] PE 30/2021 - SMSAN/FAAC
  [!] Falha ao abrir

[102/253] PE 31/2021 - SMSAN/FAAC
  [!] Falha ao abrir

[103/253] PE 32/2021 - SMSAN/FAAC
  [!] Falha ao abrir

[104/253] PE 33/2021 - SMSAN/FAAC
  [!] Falha ao abrir

[105/253] PE 34/2021 - SMSAN/FAAC
  [!] Falha ao abrir

[106/253] PE 35/2021 - SMSAN/FAAC
  [!] Falha ao abrir

[107/253] PE 36/2021 - SMSAN/FAAC
  [!] Falha ao abrir

[108/253] PE 37/2021 - SMSAN/FAAC
  [!] Falha ao abrir

[109/253] PE 38/2021 - SMSAN/FAAC
  [!] Falha ao abrir

[110/253] PE 39/2021 - SMSAN/FAAC
  [!] Falha ao abrir

[111/253] PE 40/2021 - SMSAN/FAAC
  [!] Falha ao abrir

[112/253] PE 41/2021 - SMSAN/FAAC
  [!] Falha ao abrir

[113/253] PE 42/2021 - SMSAN/FAAC
  [!] Falha ao abrir

[114/253] PE 43/2021 - SMSAN/FAAC
  [!] Falha ao abrir

[115/253] PE 44/2021 - SMSAN/FAAC
  [!] Falha ao abrir

[116/253] PE 45/2021 - SMSAN/FAAC
  [!] Falha ao abrir

[117/253] PE 46/2021 - SMSAN/FAAC
  [!] Falha ao abrir

[118/253] PE 47/2021 - SMSAN/FAAC
  [!] Falha ao abrir

[119/253] PE 48/2021 - SMSAN/FAAC
  [!] Falha ao abrir

[120/253] PE 49/2021 - SMSAN/FAAC
  [!] Falha ao abrir

[121/253] PE 1/2022 - SMSAN/FAAC
  [!] Falha ao abrir

[122/253] PE 2/2022 - SMSAN/FAAC
  [!] Falha ao abrir

[123/253] PE 3/2022 - SMSAN/FAAC
  [!] Falha ao abrir

[124/253] PE 4/2022 - SMSAN/FAAC
  [!] Falha ao abrir

[125/253] PE 5/2022 - SMSAN/FAAC
  [!] Falha ao abrir

[126/253] PE 6/2022 - SMSAN/FAAC
  [!] Falha ao abrir

[127/253] PE 7/2022 - SMSAN/FAAC
  [!] Falha ao abrir

[128/253] PE 8/2022 - SMSAN/FAAC
  [!] Falha ao abrir

[129/253] PE 9/2022 - SMSAN/FAAC
  [!] Falha ao abrir

[130/253] PE 10/2022 - SMSAN/FAAC
  [!] Falha ao abrir

[131/253] PE 11/2022 - SMSAN/FAAC
  [!] Falha ao abrir

[132/253] PE 12/2022 - SMSAN/FAAC
  [!] Falha ao abrir

[133/253] PE 13/2022 - SMSAN/FAAC
  [!] Falha ao abrir

[134/253] PE 14/2022 - SMSAN/FAAC
  [!] Falha ao abrir

[135/253] PE 15/2022 - SMSAN/FAAC
  [!] Falha ao abrir

[136/253] PE 16/2022 - SMSAN/FAAC
  [!] Falha ao abrir

[137/253] PE 17/2022 - SMSAN/FAAC
  [!] Falha ao abrir

[138/253] PE 18/2022 - SMSAN/FAAC
  [!] Falha ao abrir

[139/253] PE 19/2022 - SMSAN/FAAC
  [!] Falha ao abrir

[140/253] PE 20/2022 - SMSAN/FAAC
  [!] Falha ao abrir

[141/253] PE 21/2022 - SMSAN/FAAC
  [!] Falha ao abrir

[142/253] PE 22/2022 - SMSAN/FAAC
  [!] Falha ao abrir

[143/253] PE 23/2022 - SMSAN/FAAC
  [!] Falha ao abrir

[144/253] PE 24/2022 - SMSAN/FAAC
  [!] Falha ao abrir

[145/253] PE 25/2022 - SMSAN/FAAC
  [!] Falha ao abrir

[146/253] PE 26/2022 - SMSAN/FAAC
  [!] Falha ao abrir

[147/253] PE 27/2022 - SMSAN/FAAC
  [!] Falha ao abrir

[148/253] PE 28/2022 - SMSAN/FAAC
  [!] Falha ao abrir

[149/253] PE 29/2022 - SMSAN/FAAC
  [!] Falha ao abrir

[150/253] PE 30/2022 - SMSAN/FAAC
  [!] Falha ao abrir

[151/253] PE 32/2022 - SMSAN/FAAC
  [!] Falha ao abrir

[152/253] PE 33/2022 - SMSAN/FAAC
  [!] Falha ao abrir

[153/253] PE 34/2022 - SMSAN/FAAC
  [!] Falha ao abrir

[154/253] PE 35/2022 - SMSAN/FAAC
  [!] Falha ao abrir

[155/253] PE 36/2022 - SMSAN/FAAC
  [!] Falha ao abrir

[156/253] PE 37/2022 - SMSAN/FAAC
  [!] Falha ao abrir

[157/253] PE 38/2022 - SMSAN/FAAC
  [!] Falha ao abrir

[158/253] PE 39/2022 - SMSAN/FAAC
  [!] Falha ao abrir

[159/253] PE 40/2022 - SMSAN/FAAC
  [!] Falha ao abrir

[160/253] PE 41/2022 - SMSAN/FAAC
  [!] Falha ao abrir

[161/253] PE 42/2022 - SMSAN/FAAC
  [!] Falha ao abrir

[162/253] PE 43/2022 - SMSAN/FAAC
  [!] Falha ao abrir

[163/253] PE 44/2022 - SMSAN/FAAC
  [!] Falha ao abrir

[164/253] PE 45/2022 - SMSAN/FAAC
  [!] Falha ao abrir

[165/253] PE 46/2022 - SMSAN/FAAC
  [!] Falha ao abrir

[166/253] PE 47/2022 - SMSAN/FAAC
  [!] Falha ao abrir

[167/253] PE 48/2022 - SMSAN/FAAC
  [!] Falha ao abrir

[168/253] PE 49/2022 - SMSAN/FAAC
  [!] Falha ao abrir

[169/253] PE 50/2022 - SMSAN/FAAC
  [!] Falha ao abrir

[170/253] PE 51/2022 - SMSAN/FAAC
  [!] Falha ao abrir

[171/253] PE 52/2022 - SMSAN/FAAC
  [!] Falha ao abrir

[172/253] PE 53/2022 - SMSAN/FAAC
  [!] Falha ao abrir

[173/253] PE 54/2022 - SMSAN/FAAC
  [!] Falha ao abrir

[174/253] PE 55/2022 - SMSAN/FAAC
  [!] Falha ao abrir

[175/253] PE 56/2022 - SMSAN/FAAC
  [!] Falha ao abrir

[176/253] PE 57/2022 - SMSAN/FAAC
  [!] Falha ao abrir

[177/253] PE 58/2022 - SMSAN/FAAC
  [!] Falha ao abrir

[178/253] PE 59/2022 - SMSAN/FAAC
  [!] Falha ao abrir

[179/253] PE 60/2022 - SMSAN/FAAC
  [!] Falha ao abrir

[180/253] PE 61/2022 - SMSAN/FAAC
  [!] Falha ao abrir

[181/253] PE 62/2022 - SMSAN/FAAC
  [!] Falha ao abrir

[182/253] PE 63/2022 - SMSAN/FAAC
  [!] Falha ao abrir

[183/253] PE 64/2022 - SMSAN/FAAC
  [!] Falha ao abrir

[184/253] PE 65/2022 - SMSAN/FAAC
  [!] Falha ao abrir

[185/253] PE 66/2022 - SMSAN/FAAC
  [!] Falha ao abrir

[186/253] PE 67/2022 - SMSAN/FAAC
  [!] Falha ao abrir

[187/253] PE 68/2022 - SMSAN/FAAC
  [!] Falha ao abrir

[188/253] PE 69/2022 - SMSAN/FAAC
  [!] Falha ao abrir

[189/253] PE 70/2022 - SMSAN/FAAC
  [!] Falha ao abrir

[190/253] PE 71/2022 - SMSAN/FAAC
  [!] Falha ao abrir

[191/253] PE 72/2022 - SMSAN/FAAC
  [!] Falha ao abrir

[192/253] PE 73/2022 - SMSAN/FAAC
  [!] Falha ao abrir

[193/253] PE 74/2022 - SMSAN/FAAC
  [!] Falha ao abrir

[194/253] PE 75/2022 - SMSAN/FAAC
  [!] Falha ao abrir

[195/253] PE 76/2022 - SMSAN/FAAC
  [!] Falha ao abrir

[196/253] PE 77/2022 - SMSAN/FAAC
  [!] Falha ao abrir

[197/253] PE 78/2022 - SMSAN/FAAC
  [!] Falha ao abrir

[198/253] PE 79/2022 - SMSAN/FAAC
  [!] Falha ao abrir

[199/253] PE 80/2022 - SMSAN/FAAC
  [!] Falha ao abrir

[200/253] PE 81/2022 - SMSAN/FAAC
  [!] Falha ao abrir

[201/253] PE 82/2022 - SMSAN/FAAC
  [!] Falha ao abrir

[202/253] PE 83/2022 - SMSAN/FAAC
  [!] Falha ao abrir

[203/253] PE 84/2022 - SMSAN/FAAC
  [!] Falha ao abrir

[204/253] PE 85/2022 - SMSAN/FAAC
  [!] Falha ao abrir

[205/253] PE 86/2022 - SMSAN/FAAC
  [!] Falha ao abrir

[206/253] PE 87/2022 - SMSAN/FAAC
  [!] Falha ao abrir

[207/253] PE 88/2022 - SMSAN/FAAC
  [!] Falha ao abrir

[208/253] PE 89/2022 - SMSAN/FAAC
  [!] Falha ao abrir

[209/253] PE 90/2022 - SMSAN/FAAC
  [!] Falha ao abrir

[210/253] PE 91/2022 - SMSAN/FAAC
  [!] Falha ao abrir

[211/253] PE 92/2022 - SMSAN/FAAC
  [!] Falha ao abrir

[212/253] PE 93/2022 - SMSAN/FAAC
  [!] Falha ao abrir

[213/253] PE 94/2022 - SMSAN/FAAC
  [!] Falha ao abrir

[214/253] PE 95/2022 - SMSAN/FAAC
  [!] Falha ao abrir

[215/253] PE 96/2022 - SMSAN/FAAC
  [!] Falha ao abrir

[216/253] PE 97/2022 - SMSAN/FAAC
  [!] Falha ao abrir

[217/253] PE 98/2022 - SMSAN/FAAC
  [!] Falha ao abrir

[218/253] PE 99/2022 - SMSAN/FAAC
  [!] Falha ao abrir

[219/253] PE 100/2022 - SMSAN/FAAC
  [!] Falha ao abrir

[220/253] PE 101/2022 - SMSAN/FAAC
  [!] Falha ao abrir

[221/253] PE 102/2022 - SMSAN/FAAC
  [!] Falha ao abrir

[222/253] PE 103/2022 - SMSAN/FAAC
  [!] Falha ao abrir

[223/253] PE 104/2022 - SMSAN/FAAC
  [!] Falha ao abrir

[224/253] PE 105/2022 - SMSAN/FAAC
  [!] Falha ao abrir

[225/253] PE 106/2022 - SMSAN/FAAC
  [!] Falha ao abrir

[226/253] PE 107/2022 - SMSAN/FAAC
  [!] Falha ao abrir

[227/253] PE 108/2022 - SMSAN/FAAC
  [!] Falha ao abrir

[228/253] PE 109/2022 - SMSAN/FAAC
  [!] Falha ao abrir

[229/253] PE 110/2022 - SMSAN/FAAC
  [!] Falha ao abrir

[230/253] PE 111/2022 - SMSAN/FAAC
  [!] Falha ao abrir

[231/253] PE 112/2022 - SMSAN/FAAC
  [!] Falha ao abrir

[232/253] PE 113/2022 - SMSAN/FAAC
  [!] Falha ao abrir

[233/253] PE 114/2022 - SMSAN/FAAC
  [!] Falha ao abrir

[234/253] PE 115/2022 - SMSAN/FAAC
  [!] Falha ao abrir

[235/253] PE 116/2022 - SMSAN/FAAC
  [!] Falha ao abrir

[236/253] PE 117/2022 - SMSAN/FAAC
  [!] Falha ao abrir

[237/253] PE 118/2022 - SMSAN/FAAC
  [!] Falha ao abrir

[238/253] PE 119/2022 - SMSAN/FAAC
  [!] Falha ao abrir

[239/253] PE 120/2022 - SMSAN/FAAC
  [!] Falha ao abrir

[240/253] PE 121/2022 - SMSAN/FAAC
  [!] Falha ao abrir

[241/253] PE 122/2022 - SMSAN/FAAC
  [!] Falha ao abrir

[242/253] PE 123/2022 - SMSAN/FAAC
  [!] Falha ao abrir

[243/253] PE 124/2022 - SMSAN/FAAC
  [!] Falha ao abrir

[244/253] PE 125/2022 - SMSAN/FAAC
  [!] Falha ao abrir

[245/253] PE 126/2022 - SMSAN/FAAC
  [!] Falha ao abrir

[246/253] PE 127/2022 - SMSAN/FAAC
  [!] Falha ao abrir

[247/253] PE 128/2022 - SMSAN/FAAC
  [!] Falha ao abrir

[248/253] PE 129/2022 - SMSAN/FAAC
  [!] Falha ao abrir

[249/253] PE 130/2022 - SMSAN/FAAC
  [!] Falha ao abrir

[250/253] PE 131/2022 - SMSAN/FAAC
  [!] Falha ao abrir

[251/253] PE 132/2022 - SMSAN/FAAC
  [!] Falha ao abrir

[252/253] PE 133/2022 - SMSAN/FAAC
  [!] Falha ao abrir

[253/253] PE 134/2022 - SMSAN/FAAC
  [!] Falha ao abrir

======================================================================
RESUMO (Rodada):
  Processadas: 0
  Docs baixados: 0
  Erros: 253
  Falhadas: 253
======================================================================
[retry] Salvos 253 processos para retry em retry_failed.json

[info] Execute novamente para fazer retry dos 253 processos falhados
