
======================================================================
ETAPA 3 - ACESSO DIRETO: Coleta de PDFs dos 326 processos
======================================================================

[init] Carregando processos PE de vw_itens_agro...
[init] 172 licitações PE para processar
[OK] Google Drive conectado

[1/172] PE 7/2020 - SMSAN/FAAC (ID: 402)
  [!] Modal não abriu

[2/172] PE 13/2020 - SMSAN/FAAC (ID: 408)
  [!] Modal não abriu

[3/172] PE 22/2020 - SMSAN/FAAC (ID: 417)
  [!] Modal não abriu

[4/172] PE 27/2020 - SMSAN/FAAC (ID: 422)
  [!] Modal não abriu

[5/172] PE 6/2021 - SMSAN/FAAC (ID: 535)
  [!] Modal não abriu

[6/172] PE 11/2021 - SMSAN/FAAC (ID: 540)
  [!] Modal não abriu

[7/172] PE 16/2021 - SMSAN/FAAC (ID: 545)
  [!] Modal não abriu

[8/172] PE 20/2021 - SMSAN/FAAC (ID: 549)
  [!] Modal não abriu

[9/172] PE 10/2022 - SMSAN/FAAC (ID: 615)
  [!] Modal não abriu

[10/172] PE 12/2022 - SMSAN/FAAC (ID: 617)
  [!] Modal não abriu

[11/172] PE 15/2022 - SMSAN/FAAC (ID: 620)
  [!] Modal não abriu

[12/172] PE 16/2022 - SMSAN/FAAC (ID: 621)
  [!] Modal não abriu

[13/172] PE 18/2022 - SMSAN/FAAC (ID: 623)
  [!] Modal não abriu

[14/172] PE 19/2022 - SMSAN/FAAC (ID: 624)
  [!] Modal não abriu

[15/172] PE 21/2022 - SMSAN/FAAC (ID: 626)
  [!] Modal não abriu

[16/172] PE 24/2022 - SMSAN/FAAC (ID: 629)
  [!] Modal não abriu

[17/172] PE 29/2022 - SMSAN/FAAC (ID: 634)
  [!] Modal não abriu

[18/172] PE 30/2022 - SMSAN/FAAC (ID: 635)
  [!] Modal não abriu

[19/172] PE 32/2022 - SMSAN/FAAC (ID: 636)
  [!] Modal não abriu

[20/172] PE 34/2022 - SMSAN/FAAC (ID: 638)
  [!] Modal não abriu

[21/172] PE 36/2022 - SMSAN/FAAC (ID: 640)
  [!] Modal não abriu

[22/172] PE 40/2022 - SMSAN/FAAC (ID: 644)
  [!] Modal não abriu

[23/172] PE 41/2022 - SMSAN/FAAC (ID: 645)
  [!] Modal não abriu

[24/172] PE 44/2022 - SMSAN/FAAC (ID: 648)
  [!] Modal não abriu

[25/172] PE 49/2022 - SMSAN/FAAC (ID: 653)
  [!] Modal não abriu

[26/172] PE 50/2022 - SMSAN/FAAC (ID: 654)
  [!] Modal não abriu

[27/172] PE 53/2022 - SMSAN/FAAC (ID: 657)
  [!] Modal não abriu

[28/172] PE 55/2022 - SMSAN/FAAC (ID: 659)
  [!] Modal não abriu

[29/172] PE 57/2022 - SMSAN/FAAC (ID: 661)
  [!] Modal não abriu

[30/172] PE 64/2022 - SMSAN/FAAC (ID: 668)
  [!] Modal não abriu

[31/172] PE 70/2022 - SMSAN/FAAC (ID: 674)
  [!] Modal não abriu

[32/172] PE 65/2022 - SMSAN/FAAC (ID: 669)
  [!] Modal não abriu

[33/172] PE 67/2022 - SMSAN/FAAC (ID: 671)
  [!] Modal não abriu

[34/172] PE 74/2022 - SMSAN/FAAC (ID: 678)
  [!] Modal não abriu

[35/172] PE 79/2022 - SMSAN/FAAC (ID: 683)
  [!] Modal não abriu

[36/172] PE 82/2022 - SMSAN/FAAC (ID: 686)
  [!] Modal não abriu

[37/172] PE 92/2022 - SMSAN/FAAC (ID: 696)
  [!] Modal não abriu

[38/172] PE 91/2022 - SMSAN/FAAC (ID: 695)
  [!] Modal não abriu

[39/172] PE 97/2022 - SMSAN/FAAC (ID: 701)
  [!] Modal não abriu

[40/172] PE 87/2022 - SMSAN/FAAC (ID: 691)
  [!] Modal não abriu

[41/172] PE 104/2022 - SMSAN/FAAC (ID: 708)
  [!] Modal não abriu

[42/172] PE 106/2022 - SMSAN/FAAC (ID: 710)
  [!] Modal não abriu

[43/172] PE 110/2022 - SMSAN/FAAC (ID: 714)
  [!] Modal não abriu

[44/172] PE 111/2022 - SMSAN/FAAC (ID: 715)
  [!] Modal não abriu

[45/172] PE 122/2022 - SMSAN/FAAC (ID: 726)
  [!] Modal não abriu

[46/172] PE 118/2022 - SMSAN/FAAC (ID: 722)
  [!] Modal não abriu

[47/172] PE 123/2022 - SMSAN/FAAC (ID: 727)
  [!] Modal não abriu

[48/172] PE 124/2022 - SMSAN/FAAC (ID: 728)
  [!] Modal não abriu

[49/172] PE 125/2022 - SMSAN/FAAC (ID: 729)
  [!] Modal não abriu

[50/172] PE 129/2022 - SMSAN/FAAC (ID: 733)
  [!] Modal não abriu

[51/172] PE 127/2022 - SMSAN/FAAC (ID: 731)
  [!] Modal não abriu

[52/172] PE 128/2022 - SMSAN/FAAC (ID: 732)
  [!] Modal não abriu

[53/172] PE 131/2022 - SMSAN/FAAC (ID: 735)
  [!] Modal não abriu

[54/172] PE 5/2023 - SMSAN/FAAC (ID: 773)
  [!] Modal não abriu

[55/172] PE 3/2023 - SMSAN/FAAC (ID: 771)
  [!] Modal não abriu

[56/172] PE 7/2023 - SMSAN/FAAC (ID: 775)
  [!] Modal não abriu

[57/172] PE 8/2023 - SMSAN/FAAC (ID: 776)
  [!] Modal não abriu

[58/172] PE 19/2023 - SMSAN/FAAC (ID: 787)
  [!] Modal não abriu

[59/172] PE 21/2023 - SMSAN/FAAC (ID: 789)
  [!] Modal não abriu

[60/172] PE 24/2023 - SMSAN/FAAC (ID: 792)
  [!] Modal não abriu

[61/172] PE 23/2023 - SMSAN/FAAC (ID: 791)
  [!] Modal não abriu

[62/172] PE 25/2023 - SMSAN/FAAC (ID: 793)
  [!] Modal não abriu

[63/172] PE 28/2023 - SMSAN/FAAC (ID: 796)
  [!] Modal não abriu

[64/172] PE 31/2023 - SMSAN/FAAC (ID: 799)
  [!] Modal não abriu

[65/172] PE 32/2023 - SMSAN/FAAC (ID: 800)
  [!] Modal não abriu

[66/172] PE 37/2023 - SMSAN/FAAC (ID: 805)
  [!] Modal não abriu

[67/172] PE 34/2023 - SMSAN/FAAC (ID: 802)
  [!] Modal não abriu

[68/172] PE 36/2023 - SMSAN/FAAC (ID: 804)
  [!] Modal não abriu

[69/172] PE 40/2023 - SMSAN/FAAC (ID: 808)
  [!] Modal não abriu

[70/172] PE 42/2023 - SMSAN/FAAC (ID: 810)
  [!] Modal não abriu

[71/172] PE 43/2023 - SMSAN/FAAC (ID: 811)
  [!] Modal não abriu

[72/172] PE 45/2023 - SMSAN/FAAC (ID: 813)
  [!] Modal não abriu

[73/172] PE 54/2023 - SMSAN/FAAC (ID: 822)
  [!] Modal não abriu

[74/172] PE 56/2023 - SMSAN/FAAC (ID: 824)
  [!] Modal não abriu

[75/172] PE 49/2023 - SMSAN/FAAC (ID: 817)
  [!] Modal não abriu

[76/172] PE 57/2023 - SMSAN/FAAC (ID: 825)
  [!] Modal não abriu

[77/172] PE 60/2023 - SMSAN/FAAC (ID: 828)
  [!] Modal não abriu

[78/172] PE 64/2023 - SMSAN/FAAC (ID: 832)
  [!] Modal não abriu

[79/172] PE 67/2023 - SMSAN/FAAC (ID: 835)
  [!] Modal não abriu

[80/172] PE 65/2023 - SMSAN/FAAC (ID: 833)
  [!] Modal não abriu

[81/172] PE 72/2023 - SMSAN/FAAC (ID: 840)
  [!] Modal não abriu

[82/172] PE 80/2023 - SMSAN/FAAC (ID: 848)
  [!] Modal não abriu

[83/172] PE 84/2023 - SMSAN/FAAC (ID: 852)
  [!] Modal não abriu

[84/172] PE 86/2023 - SMSAN/FAAC (ID: 854)
  [!] Modal não abriu

[85/172] PE 89/2023 - SMSAN/FAAC (ID: 857)
  [!] Modal não abriu

[86/172] PE 97/2023 - SMSAN/FAAC (ID: 865)
  [!] Modal não abriu

[87/172] PE 103/2023 - SMSAN/FAAC (ID: 871)
  [!] Modal não abriu

[88/172] PE 107/2023 - SMSAN/FAAC (ID: 875)
  [!] Modal não abriu

[89/172] PE 108/2023 - SMSAN/FAAC (ID: 876)
  [!] Modal não abriu

[90/172] PE 110/2023 - SMSAN/FAAC (ID: 878)
  [!] Modal não abriu

[91/172] PE 96/2023 - SMSAN/FAAC (ID: 864)
  [!] Modal não abriu

[92/172] PE 112/2023 - SMSAN/FAAC (ID: 880)
  [!] Modal não abriu

[93/172] PE 118/2023 - SMSAN/FAAC (ID: 886)
  [!] Modal não abriu

[94/172] PE 120/2023 - SMSAN/FAAC (ID: 888)
  [!] Modal não abriu

[95/172] PE 126/2023 - SMSAN/FAAC (ID: 894)
  [!] Modal não abriu

[96/172] PE 134/2023 - SMSAN/FAAC (ID: 902)
  [!] Modal não abriu

[97/172] PE 135/2023 - SMSAN/FAAC (ID: 903)
  [!] Modal não abriu

[98/172] PE 136/2023 - SMSAN/FAAC (ID: 904)
  [!] Modal não abriu

[99/172] PE 139/2023 - SMSAN/FAAC (ID: 907)
  [!] Modal não abriu

[100/172] PE 141/2023 - SMSAN/FAAC (ID: 909)
  [!] Modal não abriu

[101/172] PE 144/2023 - SMSAN/FAAC (ID: 912)
  [!] Modal não abriu

[102/172] PE 5/2024 - SMSAN/FAAC (ID: 999)
  [!] Modal não abriu

[103/172] PE 10/2024 - SMSAN/FAAC (ID: 1004)
  [!] Modal não abriu

[104/172] PE 12/2024 - SMSAN/FAAC (ID: 1006)
  [!] Modal não abriu

[105/172] PE 14/2024 - SMSAN/FAAC (ID: 1008)
  [!] Modal não abriu

[106/172] PE 15/2024 - SMSAN/FAAC (ID: 1009)
  [!] Modal não abriu

[107/172] PE 22/2024 - SMSAN/FAAC (ID: 1016)
  [!] Modal não abriu

[108/172] PE 27/2024 - SMSAN/FAAC (ID: 1021)
  [!] Modal não abriu

[109/172] PE 31/2024 - SMSAN/FAAC (ID: 1025)
  [!] Modal não abriu

[110/172] PE 36/2024 - SMSAN/FAAC (ID: 1030)
  [!] Modal não abriu

[111/172] PE 37/2024 - SMSAN/FAAC (ID: 1031)
  [!] Modal não abriu

[112/172] PE 45/2024 - SMSAN/FAAC (ID: 1039)
  [!] Modal não abriu

[113/172] PE 50/2024 - SMSAN/FAAC (ID: 1044)
  [!] Modal não abriu

[114/172] PE 52/2024 - SMSAN/FAAC (ID: 1046)
  [!] Modal não abriu

[115/172] PE 53/2024 - SMSAN/FAAC (ID: 1047)
  [!] Modal não abriu

[116/172] PE 54/2024 - SMSAN/FAAC (ID: 1048)
  [!] Modal não abriu

[117/172] PE 61/2024 - SMSAN/FAAC (ID: 1055)
  [!] Modal não abriu

[118/172] PE 63/2024 - SMSAN/FAAC (ID: 1057)
  [!] Modal não abriu

[119/172] PE 66/2024 - SMSAN/FAAC (ID: 1060)
  [!] Modal não abriu

[120/172] PE 70/2024 - SMSAN/FAAC (ID: 1064)
  [!] Modal não abriu

[121/172] PE 74/2024 - SMSAN/FAAC (ID: 1068)
  [!] Modal não abriu

[122/172] PE 75/2024 - SMSAN/FAAC (ID: 1069)
  [!] Modal não abriu

[123/172] PE 79/2024 - SMSAN/FAAC (ID: 1073)
  [!] Modal não abriu

[124/172] PE 80/2024 - SMSAN/FAAC (ID: 1074)
  [!] Modal não abriu

[125/172] PE 82/2024 - SMSAN/FAAC (ID: 1076)
  [!] Modal não abriu

[126/172] PE 84/2024 - SMSAN/FAAC (ID: 1078)
  [!] Modal não abriu

[127/172] PE 92/2024 - SMSAN/FAAC (ID: 1086)
  [!] Modal não abriu

[128/172] PE 102/2024 - SMSAN/FAAC (ID: 1096)
  [!] Modal não abriu

[129/172] PE 110/2024 - SMSAN/FAAC (ID: 1104)
  [!] Modal não abriu

[130/172] PE 111/2024 - SMSAN/FAAC (ID: 1105)
  [!] Modal não abriu

[131/172] PE 113/2024 - SMSAN/FAAC (ID: 1107)
  [!] Modal não abriu

[132/172] PE 115/2024 - SMSAN/FAAC (ID: 1109)
  [!] Modal não abriu

[133/172] PE 119/2024 - SMSAN/FAAC (ID: 1113)
  [!] Modal não abriu

[134/172] PE 120/2024 - SMSAN/FAAC (ID: 1114)
  [!] Modal não abriu

[135/172] PE 122/2024 - SMSAN/FAAC (ID: 1116)
  [!] Modal não abriu

[136/172] PE 123/2024 - SMSAN/FAAC (ID: 1117)
  [!] Modal não abriu

[137/172] PE 127/2024 - SMSAN/FAAC (ID: 1121)
  [!] Modal não abriu

[138/172] PE 130/2024 - SMSAN/FAAC (ID: 1124)
  [!] Modal não abriu

[139/172] PE 132/2024 - SMSAN/FAAC (ID: 1126)
  [!] Modal não abriu

[140/172] PE 137/2024 - SMSAN/FAAC (ID: 1131)
  [!] Modal não abriu

[141/172] PE 141/2024 - SMSAN/FAAC (ID: 1135)
  [!] Modal não abriu

[142/172] PE 139/2024 - SMSAN/FAAC (ID: 1133)
  [!] Modal não abriu

[143/172] PE 11/2025 - SMSAN/FAAC (ID: 1231)
  [!] Modal não abriu

[144/172] PE 19/2025 - SMSAN/FAAC (ID: 1239)
  [!] Modal não abriu

[145/172] PE 20/2025 - SMSAN/FAAC (ID: 1240)
  [!] Modal não abriu

[146/172] PE 21/2025 - SMSAN/FAAC (ID: 1241)
  [!] Modal não abriu

[147/172] PE 25/2025 - SMSAN/FAAC (ID: 1245)
  [!] Modal não abriu

[148/172] PE 35/2025 - SMSAN/FAAC (ID: 1255)
  [!] Modal não abriu

[149/172] PE 36/2025 - SMSAN/FAAC (ID: 1256)
  [!] Modal não abriu

[150/172] PE 38/2025 - SMSAN/FAAC (ID: 1258)
  [!] Modal não abriu

[151/172] PE 41/2025 - SMSAN/FAAC (ID: 1261)
  [!] Modal não abriu

[152/172] PE 43/2025 - SMSAN/FAAC (ID: 1263)
  [!] Modal não abriu

[153/172] PE 48/2025 - SMSAN/FAAC (ID: 1268)
  [!] Modal não abriu

[154/172] PE 50/2025 - SMSAN/FAAC (ID: 1270)
  [!] Modal não abriu

[155/172] PE 55/2025 - SMSAN/FAAC (ID: 1275)
  [!] Modal não abriu

[156/172] PE 61/2025 - SMSAN/FAAC (ID: 1281)
  [!] Modal não abriu

[157/172] PE 65/2025 - SMSAN/FAAC (ID: 1285)
  [!] Modal não abriu

[158/172] PE 72/2025 - SMSAN/FAAC (ID: 1292)
  [!] Modal não abriu

[159/172] PE 74/2025 - SMSAN/FAAC (ID: 1294)
  [!] Modal não abriu

[160/172] PE 83/2025 - SMSAN/FAAC (ID: 1303)
  [!] Modal não abriu

[161/172] PE 84/2025 - SMSAN/FAAC (ID: 1304)
  [!] Modal não abriu

[162/172] PE 87/2025 - SMSAN/FAAC (ID: 1307)
  [!] Modal não abriu

[163/172] PE 98/2025 - SMSAN/FAAC (ID: 1318)
  [!] Modal não abriu

[164/172] PE 100/2025 - SMSAN/FAAC (ID: 1320)
  [!] Modal não abriu

[165/172] PE 101/2025 - SMSAN/FAAC (ID: 1321)
  [!] Modal não abriu

[166/172] PE 102/2025 - SMSAN/FAAC (ID: 1322)
  [!] Modal não abriu

[167/172] PE 2/2026 - SMSAN/FAAC (ID: 1353)
  [!] Modal não abriu

[168/172] PE 4/2026 - SMSAN/FAAC (ID: 1355)
  [!] Modal não abriu

[169/172] PE 7/2026 - SMSAN/FAAC (ID: 1358)
  [!] Modal não abriu

[170/172] PE 8/2026 - SMSAN/FAAC (ID: 1359)
  [!] Modal não abriu

[171/172] PE 17/2026 - SMSAN/FAAC (ID: 1368)
  [!] Modal não abriu

[172/172] PE 23/2026 - SMSAN/FAAC (ID: 1374)
  [!] Modal não abriu

======================================================================
RESUMO:
  Licitações processadas: 0
  Docs baixados: 0
  Sem documentos: 0
  Erros: 172
======================================================================
