
======================================================================
ETAPA 3 FINAL: Coleta de Documentos - GET+POST JSF + Google Drive
======================================================================

[OK] Google Drive conectado via token.pickle
[init] Acessando portal...
[init] Pesquisando...
    OK Orgao
[init] Total: 319
[init] P·ginas a processar: 32

[page 1] Extraindo processos...
  5 processos

  [1] PE 156/2023 - SMSAN/FAAC
      Docs: 1
      [click] PROCESSO LICITAT”RIO...
      [wait] AJAX+delay...
      [get] download.jsf...
      [got] 200 2998b
      [vs] ExtraÌdo (1520 chars)
      [post] Submeter...
      [pdf] 200 application/pdf 77.1MB
      [OK] PDF capturado!
      [gdrive] OK: https://drive.google.com/uc?id=11QdwEVGhUokErGwA5D...
      [dup] Arquivo j· registrado

  [2] PE 157/2023 - SMSAN/FAAC
      Docs: 3
      [click] Aviso de licitaÁ„o...
      [wait] AJAX+delay...
      [get] download.jsf...
      [got] 200 2998b
      [vs] ExtraÌdo (1520 chars)
      [post] Submeter...
      [pdf] 200 application/pdf 0.1MB
      [OK] PDF capturado!
      [gdrive] OK: https://drive.google.com/uc?id=1Wl_Z4usWANg6u_ajXq...
      [dup] Arquivo j· registrado
      [click] PROCESSO LICITAT”RIO...
      [wait] AJAX+delay...
      [get] download.jsf...
      [got] 200 2998b
      [vs] ExtraÌdo (1520 chars)
      [post] Submeter...
      [pdf] 200 application/pdf 71.6MB
      [OK] PDF capturado!
      [gdrive] OK: https://drive.google.com/uc?id=1ts9t7YHlJCBDdwTztf...
      [dup] Arquivo j· registrado
      [click] CONTRATO 135 - CISS...
      [wait] AJAX+delay...
      [get] download.jsf...
      [got] 200 2994b
      [vs] ExtraÌdo (1516 chars)
      [post] Submeter...
      [pdf] 200 application/pdf 4.3MB
      [OK] PDF capturado!
      [gdrive] OK: https://drive.google.com/uc?id=1WsNp9FoIZ62AXLg9PK...
      [dup] Arquivo j· registrado

[page-nav] Ir para p·gina 2/32...
[page-nav] Bot„o encontrado, clicando...

[page 2] Extraindo processos...
  5 processos

[page-nav] Ir para p·gina 3/32...
[page-nav] Bot„o encontrado, clicando...

[page 3] Extraindo processos...
  5 processos

[page-nav] Ir para p·gina 4/32...
[page-nav] Bot„o encontrado, clicando...

[page 4] Extraindo processos...
  5 processos

[page-nav] Ir para p·gina 5/32...
[page-nav] Bot„o encontrado, clicando...

[page 5] Extraindo processos...
  5 processos

[page-nav] Ir para p·gina 6/32...
[page-nav] Bot„o encontrado, clicando...

[page 6] Extraindo processos...
  5 processos

[page-nav] Ir para p·gina 7/32...
[page-nav] Bot„o encontrado, clicando...

[page 7] Extraindo processos...
  5 processos

[page-nav] Ir para p·gina 8/32...
[page-nav] Bot„o encontrado, clicando...

[page 8] Extraindo processos...
  5 processos

[page-nav] Ir para p·gina 9/32...
[page-nav] Bot„o encontrado, clicando...

[page 9] Extraindo processos...
  5 processos

[page-nav] Ir para p·gina 10/32...
[page-nav] Bot„o encontrado, clicando...

[page 10] Extraindo processos...
  5 processos

[page-nav] Ir para p·gina 11/32...
[page-nav] Bot„o encontrado, clicando...

[page 11] Extraindo processos...
  5 processos

[page-nav] Ir para p·gina 12/32...
[page-nav] Bot„o encontrado, clicando...

[page 12] Extraindo processos...
  5 processos

[page-nav] Ir para p·gina 13/32...
[page-nav] Bot„o encontrado, clicando...

[page 13] Extraindo processos...
  5 processos

[page-nav] Ir para p·gina 14/32...
[page-nav] Bot„o encontrado, clicando...

[page 14] Extraindo processos...
  5 processos

[page-nav] Ir para p·gina 15/32...
[page-nav] Bot„o encontrado, clicando...

[page 15] Extraindo processos...
  5 processos

  [4] PE 1/2024 - SMSAN/FAAC
      Docs: 1
      [click] PROCESSO LICITAT”RIO...
      [wait] AJAX+delay...
      [get] download.jsf...
      [got] 200 2998b
      [vs] ExtraÌdo (1520 chars)
      [post] Submeter...
      [pdf] 200 application/pdf 17.5MB
      [OK] PDF capturado!
      [gdrive] OK: https://drive.google.com/uc?id=1x1NujEB8mMkxRjTJWX...
      [dup] Arquivo j· registrado

  [5] PE 2/2024 - SMSAN/FAAC
      Docs: 1
      [click] Processo licitatÛrio...
      [wait] AJAX+delay...
      [get] download.jsf...
      [got] 200 2998b
      [vs] ExtraÌdo (1520 chars)
      [post] Submeter...
      [pdf] 200 application/pdf 86.2MB
      [OK] PDF capturado!
      [gdrive] OK: https://drive.google.com/uc?id=1eLwosaZt5Yz3d8tNUm...
      [dup] Arquivo j· registrado

[page-nav] Ir para p·gina 16/32...
[page-nav] Bot„o encontrado, clicando...

[page 16] Extraindo processos...
  5 processos

  [1] PE 3/2024 - SMSAN/FAAC
      Docs: 1
      [click] PROCESSO LICITAT”RIO...
      [wait] AJAX+delay...
      [get] download.jsf...
      [got] 200 2998b
      [vs] ExtraÌdo (1520 chars)
      [post] Submeter...
      [pdf] 200 application/pdf 19.8MB
      [OK] PDF capturado!
      [gdrive] OK: https://drive.google.com/uc?id=11J2byRucnL-7XsIMko...
      [dup] Arquivo j· registrado

  [2] PE 4/2024 - SMSAN/FAAC
      Docs: 1
      [click] processo licit·torio...
      [!] Erro: Target page, context or browser has been closed
